{"logTime": "0515/214206", "correlationVector":"zLZg56ucRvtvE4RAmBqO4l.1","action":"SyncServerConnectionManagerRequest", "result":"SYNC_SERVER_OK", "context":{"environment":"Prod_eastus2_prod-s01-050-nam-eastus2", "migrationStage":"NotStarted", "server":"akswtt11300002d"}}
{"logTime": "0515/214206", "correlationVector":"zLZg56ucRvtvE4RAmBqO4l.2","action":"ProcessGetUpdates", "result":"Done", "context":{"dataType":"Encryption Keys", "deleted":"0", "process_failed_to_decrypt":"0", "process_pending_decryption":"0", "process_success":"1", "total":"1"}}
{"logTime": "0515/214207", "correlationVector":"XeoL/c4820eYdEX7XDIl19","action":"SyncServerConnectionManagerRequest", "result":"SYNC_SERVER_OK", "context":{"environment":"", "migrationStage":"", "server":""}}
{"logTime": "0515/214207", "correlationVector":"XeoL/c4820eYdEX7XDIl19.0","action":"EncryptionKeysFetcher.DownloadKeys:", "result":"Success", "context":Key count: 9, Last key timestamp: 2026-05-15T21:42:03Z}
{"logTime": "0515/214207", "correlationVector":"XeoL/c4820eYdEX7XDIl19.1","action":"EncryptionKeysManager::SetEncryptionKeys:", "result":"Success", "context":Key names[9]:[E7C4Zgwr0c5PcjP15t4kbgNVK7+V7CiGDKzSHdi12FL8qLmweWztlHMmK4WCs6qEO2BXhExws1CwMXQ9fqtL9w==][pUvIRST2wt4J4bP9oTyB0Msf6uRDUNJy34FpB+8MGkyn8Ww6V4wLvYndBi0RBWhoXL+e+nN00/dyRbBpMJlzoA==][QTVApHNQR7TCA5K0Qg47tqw9+B76Sb7cFucFi3FBaV0sGWNHep20cwcl6ZYmYQ2swFB6tH/LEHutN1VOP+Szyg==][ht2rJXfYBr1K7EFRfVGErHknb+5Ujjht5kyz7iblu8jKpsnzad+v5dhxvClnHGbXT4S7Rienu4R4tbOta8BKIA==][Le8vGHyE9w8KMk9FzbXsaPL56sLKewId/fnxKwI6YBvkS7YIPeZ2b6wmpp1/65HGJRI1O5TYyS80LFSyRHaaIw==][ri4f8shA8mvbGLV7+nveT0AuV/0heYST8H3X1rBU3faHd5wSmw4bLQbyp0LjdHARDwMXTUPStkWab2gJaNP8DA==][9vGnL4nPvs159dS9TdPIKpv7wxxQ8EbwxIC2ZiIfk8AwwH0tDNZQIbofZEy7PA/iLWscF4dkxTduryDCZrgfWg==][4IkLdpv+Qlf0iw/ryak4Eha5nfJn/fYZ2Cd54MkBhrO1h7VbZL1jK8jkDONYxoFz6j0Y+zwR4Q1u3O31vAtUZw==][ZiS5ziWIY8GBksvz30nB1ECMLS2db0PmASbmrcsPjOl5+Kgl82YKfVGe/qfB2v/qUcpX7eAMnJeAHmbCUNhC0w==]}
{"logTime": "0515/214207", "correlationVector":"XeoL/c4820eYdEX7XDIl19.2","action":"EncryptionKeysManager::SetEncryptionKeysWithTimestamps:", "result":"Success", "context":Key timestamps[9]:[2021-06-14T22:00:06Z][2021-06-30T23:24:04Z][2021-09-10T22:49:20Z][2021-09-25T15:45:11Z][2022-04-20T16:18:14Z][2022-10-25T13:37:23Z][2024-02-02T21:23:20Z][2025-06-08T00:40:34Z][2026-05-15T21:42:03Z]}
{"logTime": "0515/214207", "correlationVector":"zLZg56ucRvtvE4RAmBqO4l","action":"Initial GetUpdates", "result":"", "context":Reason: NEW_CLIENT. cV=zLZg56ucRvtvE4RAmBqO4l}
{"logTime": "0515/214207", "correlationVector":"zLZg56ucRvtvE4RAmBqO4l.3","action":"GetUpdates Response", "result":"Success", "context":Received 1 update(s). cV=zLZg56ucRvtvE4RAmBqO4l.0;server=akswtt11300002d;cloudType=Consumer;environment=Prod_eastus2_prod-s01-050-nam-eastus2;migrationStage=NotStarted}
{"logTime": "0515/214207", "correlationVector":"Pr5+8459PrvJaDCE2aLUOw","action":"Initial GetUpdates", "result":"", "context":Reason: NEWLY_SUPPORTED_DATATYPE. cV=Pr5+8459PrvJaDCE2aLUOw}
{"logTime": "0515/214207", "correlationVector":"Pr5+8459PrvJaDCE2aLUOw.1","action":"SyncServerConnectionManagerRequest", "result":"SYNC_SERVER_OK", "context":{"environment":"Prod_eastus2_prod-s01-050-nam-eastus2", "migrationStage":"NotStarted", "server":"akswtt113000007"}}
{"logTime": "0515/214207", "correlationVector":"Pr5+8459PrvJaDCE2aLUOw.2","action":"ProcessGetUpdates", "result":"Done", "context":{"dataType":"Preferences", "deleted":"0", "process_failed_to_decrypt":"0", "process_pending_decryption":"0", "process_success":"59", "total":"59"}}
{"logTime": "0515/214207", "correlationVector":"Pr5+8459PrvJaDCE2aLUOw.3","action":"ProcessGetUpdates", "result":"Done", "context":{"dataType":"Passwords", "deleted":"0", "process_failed_to_decrypt":"0", "process_pending_decryption":"0", "process_success":"6", "total":"6"}}
{"logTime": "0515/214207", "correlationVector":"Pr5+8459PrvJaDCE2aLUOw.4","action":"ProcessGetUpdates", "result":"Done", "context":{"dataType":"Device Info", "deleted":"0", "process_failed_to_decrypt":"0", "process_pending_decryption":"0", "process_success":"6", "total":"6"}}
{"logTime": "0515/214207", "correlationVector":"Pr5+8459PrvJaDCE2aLUOw.5","action":"GetUpdates Response", "result":"Success", "context":Received 71 update(s). cV=Pr5+8459PrvJaDCE2aLUOw.0;server=akswtt113000007;cloudType=Consumer;environment=Prod_eastus2_prod-s01-050-nam-eastus2;migrationStage=NotStarted}
{"logTime": "0515/214207", "correlationVector":"JhnvMdrkdR69PsOaw5WZw9","action":"Initial GetUpdates", "result":"", "context":Reason: NEWLY_SUPPORTED_DATATYPE. cV=JhnvMdrkdR69PsOaw5WZw9}
{"logTime": "0515/214207", "correlationVector":"JhnvMdrkdR69PsOaw5WZw9.1","action":"SyncServerConnectionManagerRequest", "result":"SYNC_SERVER_OK", "context":{"environment":"Prod_eastus2_prod-s01-050-nam-eastus2", "migrationStage":"NotStarted", "server":"akswtt113000007"}}
{"logTime": "0515/214207", "correlationVector":"JhnvMdrkdR69PsOaw5WZw9.2","action":"ProcessGetUpdates", "result":"Done", "context":{"dataType":"Bookmarks", "deleted":"0", "process_failed_to_decrypt":"0", "process_pending_decryption":"0", "process_success":"18", "total":"18"}}
{"logTime": "0515/214207", "correlationVector":"JhnvMdrkdR69PsOaw5WZw9.3","action":"GetUpdates Response", "result":"Success", "context":Received 18 update(s). cV=JhnvMdrkdR69PsOaw5WZw9.0;server=akswtt113000007;cloudType=Consumer;environment=Prod_eastus2_prod-s01-050-nam-eastus2;migrationStage=NotStarted}
{"logTime": "0515/214207", "correlationVector":"tWTm+cBd6YYjXb7dQLNZRM","action":"Initial GetUpdates", "result":"", "context":Reason: NEWLY_SUPPORTED_DATATYPE. cV=tWTm+cBd6YYjXb7dQLNZRM}
{"logTime": "0515/214208", "correlationVector":"tWTm+cBd6YYjXb7dQLNZRM.1","action":"SyncServerConnectionManagerRequest", "result":"SYNC_SERVER_OK", "context":{"environment":"Prod_eastus2_prod-s01-050-nam-eastus2", "migrationStage":"NotStarted", "server":"akswtt11300002r"}}
{"logTime": "0515/214208", "correlationVector":"tWTm+cBd6YYjXb7dQLNZRM.2","action":"ProcessGetUpdates", "result":"Done", "context":{"dataType":"Autofill", "deleted":"0", "process_failed_to_decrypt":"0", "process_pending_decryption":"0", "process_success":"250", "total":"250"}}
{"logTime": "0515/214208", "correlationVector":"tWTm+cBd6YYjXb7dQLNZRM.3","action":"GetUpdates Response", "result":"Success", "context":Received 250 update(s). cV=tWTm+cBd6YYjXb7dQLNZRM.0;server=akswtt11300002r;cloudType=Consumer;environment=Prod_eastus2_prod-s01-050-nam-eastus2;migrationStage=NotStarted Some updates remain.}
{"logTime": "0515/214208", "correlationVector":"Spz2b6n709dthGS7gnxwr4","action":"Initial GetUpdates", "result":"", "context":Reason: NEWLY_SUPPORTED_DATATYPE. cV=Spz2b6n709dthGS7gnxwr4}
{"logTime": "0515/214208", "correlationVector":"Spz2b6n709dthGS7gnxwr4.1","action":"SyncServerConnectionManagerRequest", "result":"SYNC_SERVER_OK", "context":{"environment":"Prod_eastus2_prod-s01-050-nam-eastus2", "migrationStage":"NotStarted", "server":"akswtt11300000z"}}
{"logTime": "0515/214208", "correlationVector":"Spz2b6n709dthGS7gnxwr4.2","action":"ProcessGetUpdates", "result":"Done", "context":{"dataType":"Autofill Profiles", "deleted":"0", "process_failed_to_decrypt":"0", "process_pending_decryption":"0", "process_success":"7", "total":"7"}}
{"logTime": "0515/214208", "correlationVector":"Spz2b6n709dthGS7gnxwr4.3","action":"ProcessGetUpdates", "result":"Done", "context":{"dataType":"Autofill", "deleted":"0", "process_failed_to_decrypt":"0", "process_pending_decryption":"0", "process_success":"56", "total":"56"}}
{"logTime": "0515/214208", "correlationVector":"Spz2b6n709dthGS7gnxwr4.4","action":"ProcessGetUpdates", "result":"Done", "context":{"dataType":"Extensions", "deleted":"0", "process_failed_to_decrypt":"0", "process_pending_decryption":"0", "process_success":"1", "total":"1"}}
{"logTime": "0515/214208", "correlationVector":"Spz2b6n709dthGS7gnxwr4.5","action":"GetUpdates Response", "result":"Success", "context":Received 64 update(s). cV=Spz2b6n709dthGS7gnxwr4.0;server=akswtt11300000z;cloudType=Consumer;environment=Prod_eastus2_prod-s01-050-nam-eastus2;migrationStage=NotStarted}
{"logTime": "0515/214208", "correlationVector":"W+NitYX7m4EfTQhQWcsK1z","action":"Initial GetUpdates", "result":"", "context":Reason: NEWLY_SUPPORTED_DATATYPE. cV=W+NitYX7m4EfTQhQWcsK1z}
{"logTime": "0515/214208", "correlationVector":"W+NitYX7m4EfTQhQWcsK1z.1","action":"SyncServerConnectionManagerRequest", "result":"SYNC_SERVER_OK", "context":{"environment":"Prod_eastus2_prod-s01-050-nam-eastus2", "migrationStage":"NotStarted", "server":"akswtt11300001o"}}
{"logTime": "0515/214208", "correlationVector":"W+NitYX7m4EfTQhQWcsK1z.2","action":"GetUpdates Response", "result":"Success", "context":Received 0 update(s). cV=W+NitYX7m4EfTQhQWcsK1z.0;server=akswtt11300001o;cloudType=Consumer;environment=Prod_eastus2_prod-s01-050-nam-eastus2;migrationStage=NotStarted}
{"logTime": "0515/214208", "correlationVector":"kiOjE8G7L5pG8fkQVxqXEb","action":"Normal GetUpdate request", "result":"", "context":cV=kiOjE8G7L5pG8fkQVxqXEb
Nudged types: Sessions, Device Info, User Consents, Encryption Keys
Refresh requested types: Bookmarks, Preferences, Passwords, Autofill Profiles, Autofill, Extensions, Sessions, Extension settings, History Delete Directives, Device Info, User Consents, Send Tab To Self, Web Apps, History, Saved Tab Group, WebAuthn Credentials, Collection, Edge E Drop, Edge Hub App Usage, Edge Wallet, Edge Workspace, Encryption Keys}
{"logTime": "0515/214208", "correlationVector":"kiOjE8G7L5pG8fkQVxqXEb.1","action":"SyncServerConnectionManagerRequest", "result":"SYNC_SERVER_OK", "context":{"environment":"Prod_eastus2_prod-s01-050-nam-eastus2", "migrationStage":"NotStarted", "server":"akswtt11300000v"}}
{"logTime": "0515/214208", "correlationVector":"kiOjE8G7L5pG8fkQVxqXEb.2","action":"GetUpdates Response", "result":"Success", "context":Received 0 update(s). cV=kiOjE8G7L5pG8fkQVxqXEb.0;server=akswtt11300000v;cloudType=Consumer;environment=Prod_eastus2_prod-s01-050-nam-eastus2;migrationStage=NotStarted}
{"logTime": "0515/214208", "correlationVector":"B1kbn3kFjHJf9CK8xevpxc","action":"Commit Request", "result":"", "context":Item count: 1
Contributing types: Encryption Keys}
{"logTime": "0515/214208", "correlationVector":"B1kbn3kFjHJf9CK8xevpxc.1","action":"SyncServerConnectionManagerRequest", "result":"SYNC_SERVER_OK", "context":{"environment":"Prod_eastus2_prod-s01-050-nam-eastus2", "migrationStage":"NotStarted", "server":"akswtt11300002d"}}
{"logTime": "0515/214208", "correlationVector":"B1kbn3kFjHJf9CK8xevpxc.2","action":"Commit Response", "result":"Success", "context":Result: Success. cV=B1kbn3kFjHJf9CK8xevpxc.0;server=akswtt11300002d;cloudType=Consumer;environment=Prod_eastus2_prod-s01-050-nam-eastus2;migrationStage=NotStarted}
{"logTime": "0515/214208", "correlationVector":"XDAjMQ89uQBjLvY2959hcf","action":"Commit Request", "result":"", "context":Item count: 40
Contributing types: Passwords, Autofill Profiles, Autofill, Device Info}
{"logTime": "0515/214210", "correlationVector":"XDAjMQ89uQBjLvY2959hcf.1","action":"SyncServerConnectionManagerRequest", "result":"SYNC_SERVER_OK", "context":{"environment":"Prod_eastus2_prod-s01-050-nam-eastus2", "migrationStage":"NotStarted", "server":"akswtt11300000b"}}
{"logTime": "0515/214210", "correlationVector":"XDAjMQ89uQBjLvY2959hcf.2","action":"Commit Response", "result":"Success", "context":Result: Success. cV=XDAjMQ89uQBjLvY2959hcf.0;server=akswtt11300000b;cloudType=Consumer;environment=Prod_eastus2_prod-s01-050-nam-eastus2;migrationStage=NotStarted}
{"logTime": "0515/214210", "correlationVector":"Hwq3m9Qz5WDMO7Qz2+bfxE","action":"Commit Request", "result":"", "context":Item count: 40
Contributing types: Autofill}
{"logTime": "0515/214212", "correlationVector":"Hwq3m9Qz5WDMO7Qz2+bfxE.1","action":"SyncServerConnectionManagerRequest", "result":"SYNC_SERVER_OK", "context":{"environment":"Prod_eastus2_prod-s01-050-nam-eastus2", "migrationStage":"NotStarted", "server":"akswtt11300000n"}}
{"logTime": "0515/214212", "correlationVector":"Hwq3m9Qz5WDMO7Qz2+bfxE.2","action":"Commit Response", "result":"Success", "context":Result: Success. cV=Hwq3m9Qz5WDMO7Qz2+bfxE.0;server=akswtt11300000n;cloudType=Consumer;environment=Prod_eastus2_prod-s01-050-nam-eastus2;migrationStage=NotStarted}
{"logTime": "0515/214212", "correlationVector":"GlLhywyPkWB8c54UFaD8UR","action":"Commit Request", "result":"", "context":Item count: 40
Contributing types: Autofill}
{"logTime": "0515/214214", "correlationVector":"GlLhywyPkWB8c54UFaD8UR.1","action":"SyncServerConnectionManagerRequest", "result":"SYNC_SERVER_OK", "context":{"environment":"Prod_eastus2_prod-s01-050-nam-eastus2", "migrationStage":"NotStarted", "server":"akswtt11300000b"}}
{"logTime": "0515/214214", "correlationVector":"GlLhywyPkWB8c54UFaD8UR.2","action":"Commit Response", "result":"Success", "context":Result: Success. cV=GlLhywyPkWB8c54UFaD8UR.0;server=akswtt11300000b;cloudType=Consumer;environment=Prod_eastus2_prod-s01-050-nam-eastus2;migrationStage=NotStarted}
{"logTime": "0515/214214", "correlationVector":"A9uANmGMI+tHm/BJdO8A8L","action":"Commit Request", "result":"", "context":Item count: 40
Contributing types: Autofill}
{"logTime": "0515/214215", "correlationVector":"A9uANmGMI+tHm/BJdO8A8L.1","action":"SyncServerConnectionManagerRequest", "result":"SYNC_SERVER_OK", "context":{"environment":"Prod_eastus2_prod-s01-050-nam-eastus2", "migrationStage":"NotStarted", "server":"akswtt113000019"}}
{"logTime": "0515/214215", "correlationVector":"A9uANmGMI+tHm/BJdO8A8L.2","action":"Commit Response", "result":"Success", "context":Result: Success. cV=A9uANmGMI+tHm/BJdO8A8L.0;server=akswtt113000019;cloudType=Consumer;environment=Prod_eastus2_prod-s01-050-nam-eastus2;migrationStage=NotStarted}
{"logTime": "0515/214215", "correlationVector":"S3AY5qfILXJE4yvsgvUc+z","action":"Commit Request", "result":"", "context":Item count: 40
Contributing types: Autofill}
{"logTime": "0515/214217", "correlationVector":"S3AY5qfILXJE4yvsgvUc+z.1","action":"SyncServerConnectionManagerRequest", "result":"SYNC_SERVER_OK", "context":{"environment":"Prod_eastus2_prod-s01-050-nam-eastus2", "migrationStage":"NotStarted", "server":"akswtt11300000x"}}
{"logTime": "0515/214217", "correlationVector":"S3AY5qfILXJE4yvsgvUc+z.2","action":"Commit Response", "result":"Success", "context":Result: Success. cV=S3AY5qfILXJE4yvsgvUc+z.0;server=akswtt11300000x;cloudType=Consumer;environment=Prod_eastus2_prod-s01-050-nam-eastus2;migrationStage=NotStarted}
{"logTime": "0515/214217", "correlationVector":"y/d/vjNlQgV8Mp3bV263/3","action":"Commit Request", "result":"", "context":Item count: 40
Contributing types: Preferences, Autofill}
{"logTime": "0515/214219", "correlationVector":"y/d/vjNlQgV8Mp3bV263/3.1","action":"SyncServerConnectionManagerRequest", "result":"SYNC_SERVER_OK", "context":{"environment":"Prod_eastus2_prod-s01-050-nam-eastus2", "migrationStage":"NotStarted", "server":"akswtt11300000d"}}
{"logTime": "0515/214219", "correlationVector":"y/d/vjNlQgV8Mp3bV263/3.2","action":"Commit Response", "result":"Success", "context":Result: Success. cV=y/d/vjNlQgV8Mp3bV263/3.0;server=akswtt11300000d;cloudType=Consumer;environment=Prod_eastus2_prod-s01-050-nam-eastus2;migrationStage=NotStarted}
{"logTime": "0515/214219", "correlationVector":"0DYvGsZbILgRcQGMB+Bj7l","action":"Commit Request", "result":"", "context":Item count: 40
Contributing types: Autofill}
{"logTime": "0515/214220", "correlationVector":"0DYvGsZbILgRcQGMB+Bj7l.1","action":"SyncServerConnectionManagerRequest", "result":"SYNC_SERVER_OK", "context":{"environment":"Prod_eastus2_prod-s01-050-nam-eastus2", "migrationStage":"NotStarted", "server":"akswtt11300001u"}}
{"logTime": "0515/214220", "correlationVector":"0DYvGsZbILgRcQGMB+Bj7l.2","action":"Commit Response", "result":"Success", "context":Result: Success. cV=0DYvGsZbILgRcQGMB+Bj7l.0;server=akswtt11300001u;cloudType=Consumer;environment=Prod_eastus2_prod-s01-050-nam-eastus2;migrationStage=NotStarted}
{"logTime": "0515/214220", "correlationVector":"tE7nukfmsnV0xwYZDM1ROM","action":"Commit Request", "result":"", "context":Item count: 40
Contributing types: Autofill}
{"logTime": "0515/214222", "correlationVector":"tE7nukfmsnV0xwYZDM1ROM.1","action":"SyncServerConnectionManagerRequest", "result":"SYNC_SERVER_OK", "context":{"environment":"Prod_eastus2_prod-s01-050-nam-eastus2", "migrationStage":"NotStarted", "server":"akswtt11300000k"}}
{"logTime": "0515/214222", "correlationVector":"tE7nukfmsnV0xwYZDM1ROM.2","action":"Commit Response", "result":"Success", "context":Result: Success. cV=tE7nukfmsnV0xwYZDM1ROM.0;server=akswtt11300000k;cloudType=Consumer;environment=Prod_eastus2_prod-s01-050-nam-eastus2;migrationStage=NotStarted}
{"logTime": "0515/214222", "correlationVector":"HwAiODqJQlbSrZtnc4lxay","action":"Commit Request", "result":"", "context":Item count: 4
Contributing types: Sessions, User Consents, History}
{"logTime": "0515/214222", "correlationVector":"HwAiODqJQlbSrZtnc4lxay.1","action":"SyncServerConnectionManagerRequest", "result":"SYNC_SERVER_OK", "context":{"environment":"Prod_eastus2_prod-s01-050-nam-eastus2", "migrationStage":"NotStarted", "server":"akswtt11300001x"}}
{"logTime": "0515/214222", "correlationVector":"HwAiODqJQlbSrZtnc4lxay.2","action":"Commit Response", "result":"Success", "context":Result: Success. cV=HwAiODqJQlbSrZtnc4lxay.0;server=akswtt11300001x;cloudType=Consumer;environment=Prod_eastus2_prod-s01-050-nam-eastus2;migrationStage=NotStarted}
{"logTime": "0515/214222", "correlationVector":"TA+mQss/GranMlxWvQZjmw","action":"Commit Request", "result":"", "context":Item count: 5
Contributing types: Passwords}
{"logTime": "0515/214223", "correlationVector":"TA+mQss/GranMlxWvQZjmw.1","action":"SyncServerConnectionManagerRequest", "result":"SYNC_SERVER_OK", "context":{"environment":"Prod_eastus2_prod-s01-050-nam-eastus2", "migrationStage":"NotStarted", "server":"akswtt113000017"}}
{"logTime": "0515/214223", "correlationVector":"TA+mQss/GranMlxWvQZjmw.2","action":"Commit Response", "result":"Success", "context":Result: Success. cV=TA+mQss/GranMlxWvQZjmw.0;server=akswtt113000017;cloudType=Consumer;environment=Prod_eastus2_prod-s01-050-nam-eastus2;migrationStage=NotStarted}
{"logTime": "0515/214227", "correlationVector":"g+ckMKbIladcZSlK63hH2w","action":"Commit Request", "result":"", "context":Item count: 1
Contributing types: Edge Hub App Usage}
{"logTime": "0515/214228", "correlationVector":"g+ckMKbIladcZSlK63hH2w.1","action":"SyncServerConnectionManagerRequest", "result":"SYNC_SERVER_OK", "context":{"environment":"Prod_eastus2_prod-s01-050-nam-eastus2", "migrationStage":"NotStarted", "server":"akswtt11300002h"}}
{"logTime": "0515/214228", "correlationVector":"g+ckMKbIladcZSlK63hH2w.2","action":"Commit Response", "result":"Success", "context":Result: Success. cV=g+ckMKbIladcZSlK63hH2w.0;server=akswtt11300002h;cloudType=Consumer;environment=Prod_eastus2_prod-s01-050-nam-eastus2;migrationStage=NotStarted}
{"logTime": "0524/184846", "correlationVector":"P7krBgZ+abdZiyrqHUCUop.1","action":"SyncServerConnectionManagerRequest", "result":"SYNC_SERVER_OK", "context":{"environment":"Prod_eastus2_prod-s01-050-nam-eastus2", "migrationStage":"NotStarted", "server":"akswtt11300004t"}}
{"logTime": "0524/184846", "correlationVector":"P7krBgZ+abdZiyrqHUCUop.2","action":"ProcessGetUpdates", "result":"Done", "context":{"dataType":"Encryption Keys", "deleted":"0", "process_failed_to_decrypt":"0", "process_pending_decryption":"0", "process_success":"1", "total":"1"}}
{"logTime": "0524/184847", "correlationVector":"yTFX3UXG01zIt4EkuDoedl","action":"SyncServerConnectionManagerRequest", "result":"SYNC_SERVER_OK", "context":{"environment":"", "migrationStage":"", "server":""}}
{"logTime": "0524/184847", "correlationVector":"yTFX3UXG01zIt4EkuDoedl.0","action":"EncryptionKeysFetcher.DownloadKeys:", "result":"Success", "context":Key count: 9, Last key timestamp: 2026-05-15T21:42:03Z}
{"logTime": "0524/184847", "correlationVector":"yTFX3UXG01zIt4EkuDoedl.1","action":"EncryptionKeysManager::SetEncryptionKeys:", "result":"Success", "context":Key names[9]:[E7C4Zgwr0c5PcjP15t4kbgNVK7+V7CiGDKzSHdi12FL8qLmweWztlHMmK4WCs6qEO2BXhExws1CwMXQ9fqtL9w==][pUvIRST2wt4J4bP9oTyB0Msf6uRDUNJy34FpB+8MGkyn8Ww6V4wLvYndBi0RBWhoXL+e+nN00/dyRbBpMJlzoA==][QTVApHNQR7TCA5K0Qg47tqw9+B76Sb7cFucFi3FBaV0sGWNHep20cwcl6ZYmYQ2swFB6tH/LEHutN1VOP+Szyg==][ht2rJXfYBr1K7EFRfVGErHknb+5Ujjht5kyz7iblu8jKpsnzad+v5dhxvClnHGbXT4S7Rienu4R4tbOta8BKIA==][Le8vGHyE9w8KMk9FzbXsaPL56sLKewId/fnxKwI6YBvkS7YIPeZ2b6wmpp1/65HGJRI1O5TYyS80LFSyRHaaIw==][ri4f8shA8mvbGLV7+nveT0AuV/0heYST8H3X1rBU3faHd5wSmw4bLQbyp0LjdHARDwMXTUPStkWab2gJaNP8DA==][9vGnL4nPvs159dS9TdPIKpv7wxxQ8EbwxIC2ZiIfk8AwwH0tDNZQIbofZEy7PA/iLWscF4dkxTduryDCZrgfWg==][4IkLdpv+Qlf0iw/ryak4Eha5nfJn/fYZ2Cd54MkBhrO1h7VbZL1jK8jkDONYxoFz6j0Y+zwR4Q1u3O31vAtUZw==][ZiS5ziWIY8GBksvz30nB1ECMLS2db0PmASbmrcsPjOl5+Kgl82YKfVGe/qfB2v/qUcpX7eAMnJeAHmbCUNhC0w==]}
{"logTime": "0524/184847", "correlationVector":"yTFX3UXG01zIt4EkuDoedl.2","action":"EncryptionKeysManager::SetEncryptionKeysWithTimestamps:", "result":"Success", "context":Key timestamps[9]:[2021-06-14T22:00:06Z][2021-06-30T23:24:04Z][2021-09-10T22:49:20Z][2021-09-25T15:45:11Z][2022-04-20T16:18:14Z][2022-10-25T13:37:23Z][2024-02-02T21:23:20Z][2025-06-08T00:40:34Z][2026-05-15T21:42:03Z]}
{"logTime": "0524/184847", "correlationVector":"P7krBgZ+abdZiyrqHUCUop","action":"Initial GetUpdates", "result":"", "context":Reason: NEW_CLIENT. cV=P7krBgZ+abdZiyrqHUCUop}
{"logTime": "0524/184847", "correlationVector":"P7krBgZ+abdZiyrqHUCUop.3","action":"GetUpdates Response", "result":"Success", "context":Received 1 update(s). cV=P7krBgZ+abdZiyrqHUCUop.0;server=akswtt11300004t;cloudType=Consumer;environment=Prod_eastus2_prod-s01-050-nam-eastus2;migrationStage=NotStarted}
{"logTime": "0524/184847", "correlationVector":"Z1WcvKl2dYplulZgtbYTu9","action":"Initial GetUpdates", "result":"", "context":Reason: NEWLY_SUPPORTED_DATATYPE. cV=Z1WcvKl2dYplulZgtbYTu9}
{"logTime": "0524/184847", "correlationVector":"Z1WcvKl2dYplulZgtbYTu9.1","action":"SyncServerConnectionManagerRequest", "result":"SYNC_SERVER_OK", "context":{"environment":"Prod_eastus2_prod-s01-050-nam-eastus2", "migrationStage":"NotStarted", "server":"akswtt11300003w"}}
{"logTime": "0524/184847", "correlationVector":"Z1WcvKl2dYplulZgtbYTu9.2","action":"ProcessGetUpdates", "result":"Done", "context":{"dataType":"Preferences", "deleted":"0", "process_failed_to_decrypt":"0", "process_pending_decryption":"0", "process_success":"59", "total":"59"}}
{"logTime": "0524/184847", "correlationVector":"Z1WcvKl2dYplulZgtbYTu9.3","action":"ProcessGetUpdates", "result":"Done", "context":{"dataType":"Passwords", "deleted":"0", "process_failed_to_decrypt":"0", "process_pending_decryption":"0", "process_success":"6", "total":"6"}}
{"logTime": "0524/184847", "correlationVector":"Z1WcvKl2dYplulZgtbYTu9.4","action":"ProcessGetUpdates", "result":"Done", "context":{"dataType":"Device Info", "deleted":"0", "process_failed_to_decrypt":"0", "process_pending_decryption":"0", "process_success":"7", "total":"7"}}
{"logTime": "0524/184847", "correlationVector":"Z1WcvKl2dYplulZgtbYTu9.5","action":"GetUpdates Response", "result":"Success", "context":Received 72 update(s). cV=Z1WcvKl2dYplulZgtbYTu9.0;server=akswtt11300003w;cloudType=Consumer;environment=Prod_eastus2_prod-s01-050-nam-eastus2;migrationStage=NotStarted}
{"logTime": "0524/184847", "correlationVector":"wN9/KIXI4z20awBuOlui0q","action":"Initial GetUpdates", "result":"", "context":Reason: NEWLY_SUPPORTED_DATATYPE. cV=wN9/KIXI4z20awBuOlui0q}
{"logTime": "0524/184847", "correlationVector":"wN9/KIXI4z20awBuOlui0q.1","action":"SyncServerConnectionManagerRequest", "result":"SYNC_SERVER_OK", "context":{"environment":"Prod_eastus2_prod-s01-050-nam-eastus2", "migrationStage":"NotStarted", "server":"akswtt113000041"}}
{"logTime": "0524/184847", "correlationVector":"wN9/KIXI4z20awBuOlui0q.2","action":"ProcessGetUpdates", "result":"Done", "context":{"dataType":"Bookmarks", "deleted":"0", "process_failed_to_decrypt":"0", "process_pending_decryption":"0", "process_success":"18", "total":"18"}}
{"logTime": "0524/184847", "correlationVector":"wN9/KIXI4z20awBuOlui0q.3","action":"GetUpdates Response", "result":"Success", "context":Received 18 update(s). cV=wN9/KIXI4z20awBuOlui0q.0;server=akswtt113000041;cloudType=Consumer;environment=Prod_eastus2_prod-s01-050-nam-eastus2;migrationStage=NotStarted}
{"logTime": "0524/184847", "correlationVector":"Osm9j7PQWmNBGQqki82QLs","action":"Initial GetUpdates", "result":"", "context":Reason: NEWLY_SUPPORTED_DATATYPE. cV=Osm9j7PQWmNBGQqki82QLs}
{"logTime": "0524/184848", "correlationVector":"Osm9j7PQWmNBGQqki82QLs.1","action":"SyncServerConnectionManagerRequest", "result":"SYNC_SERVER_OK", "context":{"environment":"Prod_eastus2_prod-s01-050-nam-eastus2", "migrationStage":"NotStarted", "server":"akswtt11300004t"}}
{"logTime": "0524/184848", "correlationVector":"Osm9j7PQWmNBGQqki82QLs.2","action":"ProcessGetUpdates", "result":"Done", "context":{"dataType":"Autofill Profiles", "deleted":"0", "process_failed_to_decrypt":"0", "process_pending_decryption":"0", "process_success":"7", "total":"7"}}
{"logTime": "0524/184848", "correlationVector":"Osm9j7PQWmNBGQqki82QLs.3","action":"ProcessGetUpdates", "result":"Done", "context":{"dataType":"Autofill", "deleted":"0", "process_failed_to_decrypt":"0", "process_pending_decryption":"0", "process_success":"242", "total":"242"}}
{"logTime": "0524/184848", "correlationVector":"Osm9j7PQWmNBGQqki82QLs.4","action":"ProcessGetUpdates", "result":"Done", "context":{"dataType":"Extensions", "deleted":"0", "process_failed_to_decrypt":"0", "process_pending_decryption":"0", "process_success":"1", "total":"1"}}
{"logTime": "0524/184848", "correlationVector":"Osm9j7PQWmNBGQqki82QLs.5","action":"GetUpdates Response", "result":"Success", "context":Received 250 update(s). cV=Osm9j7PQWmNBGQqki82QLs.0;server=akswtt11300004t;cloudType=Consumer;environment=Prod_eastus2_prod-s01-050-nam-eastus2;migrationStage=NotStarted Some updates remain.}
{"logTime": "0524/184848", "correlationVector":"ymq1HO9J4FlJA6gXjoOS67","action":"Initial GetUpdates", "result":"", "context":Reason: NEWLY_SUPPORTED_DATATYPE. cV=ymq1HO9J4FlJA6gXjoOS67}
{"logTime": "0524/184848", "correlationVector":"ymq1HO9J4FlJA6gXjoOS67.1","action":"SyncServerConnectionManagerRequest", "result":"SYNC_SERVER_OK", "context":{"environment":"Prod_eastus2_prod-s01-050-nam-eastus2", "migrationStage":"NotStarted", "server":"akswtt11300003w"}}
{"logTime": "0524/184848", "correlationVector":"ymq1HO9J4FlJA6gXjoOS67.2","action":"ProcessGetUpdates", "result":"Done", "context":{"dataType":"Autofill", "deleted":"0", "process_failed_to_decrypt":"0", "process_pending_decryption":"0", "process_success":"64", "total":"64"}}
{"logTime": "0524/184848", "correlationVector":"ymq1HO9J4FlJA6gXjoOS67.3","action":"ProcessGetUpdates", "result":"Done", "context":{"dataType":"Sessions", "deleted":"0", "process_failed_to_decrypt":"0", "process_pending_decryption":"0", "process_success":"2", "total":"2"}}
{"logTime": "0524/184848", "correlationVector":"ymq1HO9J4FlJA6gXjoOS67.4","action":"ProcessGetUpdates", "result":"Done", "context":{"dataType":"Edge Hub App Usage", "deleted":"0", "process_failed_to_decrypt":"0", "process_pending_decryption":"0", "process_success":"1", "total":"1"}}
{"logTime": "0524/184848", "correlationVector":"ymq1HO9J4FlJA6gXjoOS67.5","action":"GetUpdates Response", "result":"Success", "context":Received 67 update(s). cV=ymq1HO9J4FlJA6gXjoOS67.0;server=akswtt11300003w;cloudType=Consumer;environment=Prod_eastus2_prod-s01-050-nam-eastus2;migrationStage=NotStarted}
{"logTime": "0524/184848", "correlationVector":"ZInv8epiH8vIJ43jdsd0DU","action":"Initial GetUpdates", "result":"", "context":Reason: NEWLY_SUPPORTED_DATATYPE. cV=ZInv8epiH8vIJ43jdsd0DU}
{"logTime": "0524/184848", "correlationVector":"ZInv8epiH8vIJ43jdsd0DU.1","action":"SyncServerConnectionManagerRequest", "result":"SYNC_SERVER_OK", "context":{"environment":"Prod_eastus2_prod-s01-050-nam-eastus2", "migrationStage":"NotStarted", "server":"akswtt11300003c"}}
{"logTime": "0524/184848", "correlationVector":"ZInv8epiH8vIJ43jdsd0DU.2","action":"ProcessGetUpdates", "result":"Done", "context":{"dataType":"History", "deleted":"0", "process_failed_to_decrypt":"0", "process_pending_decryption":"0", "process_success":"1", "total":"1"}}
{"logTime": "0524/184848", "correlationVector":"ZInv8epiH8vIJ43jdsd0DU.3","action":"GetUpdates Response", "result":"Success", "context":Received 1 update(s). cV=ZInv8epiH8vIJ43jdsd0DU.0;server=akswtt11300003c;cloudType=Consumer;environment=Prod_eastus2_prod-s01-050-nam-eastus2;migrationStage=NotStarted}
{"logTime": "0524/184848", "correlationVector":"nOrhwchrjOiaPXAqWZ4k83","action":"Normal GetUpdate request", "result":"", "context":cV=nOrhwchrjOiaPXAqWZ4k83
Nudged types: Preferences, Passwords, Sessions, Device Info
Refresh requested types: Bookmarks, Preferences, Passwords, Autofill Profiles, Autofill, Extensions, Sessions, Extension settings, History Delete Directives, Device Info, User Consents, Send Tab To Self, Web Apps, History, Saved Tab Group, WebAuthn Credentials, Collection, Edge E Drop, Edge Hub App Usage, Edge Wallet, Edge Workspace, Encryption Keys}
{"logTime": "0524/184849", "correlationVector":"nOrhwchrjOiaPXAqWZ4k83.1","action":"SyncServerConnectionManagerRequest", "result":"SYNC_SERVER_OK", "context":{"environment":"Prod_eastus2_prod-s01-050-nam-eastus2", "migrationStage":"NotStarted", "server":"akswtt11300003g"}}
{"logTime": "0524/184849", "correlationVector":"nOrhwchrjOiaPXAqWZ4k83.2","action":"GetUpdates Response", "result":"Success", "context":Received 0 update(s). cV=nOrhwchrjOiaPXAqWZ4k83.0;server=akswtt11300003g;cloudType=Consumer;environment=Prod_eastus2_prod-s01-050-nam-eastus2;migrationStage=NotStarted}
{"logTime": "0524/184849", "correlationVector":"+tm2HmMElpbR4uKZHMNYKT","action":"Commit Request", "result":"", "context":Item count: 8
Contributing types: Preferences, Passwords, Sessions, Device Info}
{"logTime": "0524/184849", "correlationVector":"+tm2HmMElpbR4uKZHMNYKT.1","action":"SyncServerConnectionManagerRequest", "result":"SYNC_SERVER_OK", "context":{"environment":"Prod_eastus2_prod-s01-050-nam-eastus2", "migrationStage":"NotStarted", "server":"akswtt11300003g"}}
{"logTime": "0524/184849", "correlationVector":"+tm2HmMElpbR4uKZHMNYKT.2","action":"Commit Response", "result":"Success", "context":Result: Success. cV=+tm2HmMElpbR4uKZHMNYKT.0;server=akswtt11300003g;cloudType=Consumer;environment=Prod_eastus2_prod-s01-050-nam-eastus2;migrationStage=NotStarted}
{"logTime": "0524/184909", "correlationVector":"LoXCG7IjiCzge8zB4CzEnI","action":"Commit Request", "result":"", "context":Item count: 8
Contributing types: Preferences, Passwords, Sessions, History}
{"logTime": "0524/184910", "correlationVector":"LoXCG7IjiCzge8zB4CzEnI.1","action":"SyncServerConnectionManagerRequest", "result":"SYNC_SERVER_OK", "context":{"environment":"Prod_eastus2_prod-s01-050-nam-eastus2", "migrationStage":"NotStarted", "server":"akswtt11300004t"}}
{"logTime": "0524/184910", "correlationVector":"LoXCG7IjiCzge8zB4CzEnI.2","action":"Commit Response", "result":"Success", "context":Result: Success. cV=LoXCG7IjiCzge8zB4CzEnI.0;server=akswtt11300004t;cloudType=Consumer;environment=Prod_eastus2_prod-s01-050-nam-eastus2;migrationStage=NotStarted}
{"logTime": "0524/184942", "correlationVector":"QybNkZRsKywmHac5qx2FaA","action":"Commit Request", "result":"", "context":Item count: 4
Contributing types: Sessions, History}
{"logTime": "0524/184942", "correlationVector":"QybNkZRsKywmHac5qx2FaA.1","action":"SyncServerConnectionManagerRequest", "result":"SYNC_SERVER_OK", "context":{"environment":"Prod_eastus2_prod-s01-050-nam-eastus2", "migrationStage":"NotStarted", "server":"akswtt11300004m"}}
{"logTime": "0524/184942", "correlationVector":"QybNkZRsKywmHac5qx2FaA.2","action":"Commit Response", "result":"Success", "context":Result: Success. cV=QybNkZRsKywmHac5qx2FaA.0;server=akswtt11300004m;cloudType=Consumer;environment=Prod_eastus2_prod-s01-050-nam-eastus2;migrationStage=NotStarted}
{"logTime": "0524/185009", "correlationVector":"snUOA1ebAF+LB0ttUjYg5U","action":"Commit Request", "result":"", "context":Item count: 2
Contributing types: Device Info, History}
{"logTime": "0524/185009", "correlationVector":"snUOA1ebAF+LB0ttUjYg5U.1","action":"SyncServerConnectionManagerRequest", "result":"SYNC_SERVER_OK", "context":{"environment":"Prod_eastus2_prod-s01-050-nam-eastus2", "migrationStage":"NotStarted", "server":"akswtt11300004o"}}
{"logTime": "0524/185009", "correlationVector":"snUOA1ebAF+LB0ttUjYg5U.2","action":"Commit Response", "result":"Success", "context":Result: Success. cV=snUOA1ebAF+LB0ttUjYg5U.0;server=akswtt11300004o;cloudType=Consumer;environment=Prod_eastus2_prod-s01-050-nam-eastus2;migrationStage=NotStarted}
{"logTime": "0524/190515", "correlationVector":"w8ADO8IzrwjZgThkgGB6GE.1","action":"SyncServerConnectionManagerRequest", "result":"SYNC_SERVER_OK", "context":{"environment":"Prod_eastus2_prod-s01-050-nam-eastus2", "migrationStage":"NotStarted", "server":"akswtt11300004e"}}
{"logTime": "0524/190515", "correlationVector":"w8ADO8IzrwjZgThkgGB6GE.2","action":"ProcessGetUpdates", "result":"Done", "context":{"dataType":"Encryption Keys", "deleted":"0", "process_failed_to_decrypt":"0", "process_pending_decryption":"0", "process_success":"1", "total":"1"}}
{"logTime": "0524/190516", "correlationVector":"Gls7VKtOYGn+AENxA4ThHo","action":"SyncServerConnectionManagerRequest", "result":"SYNC_SERVER_OK", "context":{"environment":"", "migrationStage":"", "server":""}}
{"logTime": "0524/190516", "correlationVector":"Gls7VKtOYGn+AENxA4ThHo.0","action":"EncryptionKeysFetcher.DownloadKeys:", "result":"Success", "context":Key count: 9, Last key timestamp: 2026-05-15T21:42:03Z}
{"logTime": "0524/190516", "correlationVector":"Gls7VKtOYGn+AENxA4ThHo.1","action":"EncryptionKeysManager::SetEncryptionKeys:", "result":"Success", "context":Key names[9]:[E7C4Zgwr0c5PcjP15t4kbgNVK7+V7CiGDKzSHdi12FL8qLmweWztlHMmK4WCs6qEO2BXhExws1CwMXQ9fqtL9w==][pUvIRST2wt4J4bP9oTyB0Msf6uRDUNJy34FpB+8MGkyn8Ww6V4wLvYndBi0RBWhoXL+e+nN00/dyRbBpMJlzoA==][QTVApHNQR7TCA5K0Qg47tqw9+B76Sb7cFucFi3FBaV0sGWNHep20cwcl6ZYmYQ2swFB6tH/LEHutN1VOP+Szyg==][ht2rJXfYBr1K7EFRfVGErHknb+5Ujjht5kyz7iblu8jKpsnzad+v5dhxvClnHGbXT4S7Rienu4R4tbOta8BKIA==][Le8vGHyE9w8KMk9FzbXsaPL56sLKewId/fnxKwI6YBvkS7YIPeZ2b6wmpp1/65HGJRI1O5TYyS80LFSyRHaaIw==][ri4f8shA8mvbGLV7+nveT0AuV/0heYST8H3X1rBU3faHd5wSmw4bLQbyp0LjdHARDwMXTUPStkWab2gJaNP8DA==][9vGnL4nPvs159dS9TdPIKpv7wxxQ8EbwxIC2ZiIfk8AwwH0tDNZQIbofZEy7PA/iLWscF4dkxTduryDCZrgfWg==][4IkLdpv+Qlf0iw/ryak4Eha5nfJn/fYZ2Cd54MkBhrO1h7VbZL1jK8jkDONYxoFz6j0Y+zwR4Q1u3O31vAtUZw==][ZiS5ziWIY8GBksvz30nB1ECMLS2db0PmASbmrcsPjOl5+Kgl82YKfVGe/qfB2v/qUcpX7eAMnJeAHmbCUNhC0w==]}
{"logTime": "0524/190516", "correlationVector":"Gls7VKtOYGn+AENxA4ThHo.2","action":"EncryptionKeysManager::SetEncryptionKeysWithTimestamps:", "result":"Success", "context":Key timestamps[9]:[2021-06-14T22:00:06Z][2021-06-30T23:24:04Z][2021-09-10T22:49:20Z][2021-09-25T15:45:11Z][2022-04-20T16:18:14Z][2022-10-25T13:37:23Z][2024-02-02T21:23:20Z][2025-06-08T00:40:34Z][2026-05-15T21:42:03Z]}
{"logTime": "0524/190516", "correlationVector":"w8ADO8IzrwjZgThkgGB6GE","action":"Initial GetUpdates", "result":"", "context":Reason: NEW_CLIENT. cV=w8ADO8IzrwjZgThkgGB6GE}
{"logTime": "0524/190516", "correlationVector":"w8ADO8IzrwjZgThkgGB6GE.3","action":"GetUpdates Response", "result":"Success", "context":Received 1 update(s). cV=w8ADO8IzrwjZgThkgGB6GE.0;server=akswtt11300004e;cloudType=Consumer;environment=Prod_eastus2_prod-s01-050-nam-eastus2;migrationStage=NotStarted}
{"logTime": "0524/190516", "correlationVector":"BAJq6S2ctGSSfHBPAsc3kM","action":"Initial GetUpdates", "result":"", "context":Reason: NEWLY_SUPPORTED_DATATYPE. cV=BAJq6S2ctGSSfHBPAsc3kM}
{"logTime": "0524/190516", "correlationVector":"BAJq6S2ctGSSfHBPAsc3kM.1","action":"SyncServerConnectionManagerRequest", "result":"SYNC_SERVER_OK", "context":{"environment":"Prod_eastus2_prod-s01-050-nam-eastus2", "migrationStage":"NotStarted", "server":"akswtt11300004p"}}
{"logTime": "0524/190516", "correlationVector":"BAJq6S2ctGSSfHBPAsc3kM.2","action":"ProcessGetUpdates", "result":"Done", "context":{"dataType":"Passwords", "deleted":"0", "process_failed_to_decrypt":"0", "process_pending_decryption":"0", "process_success":"7", "total":"7"}}
{"logTime": "0524/190516", "correlationVector":"BAJq6S2ctGSSfHBPAsc3kM.3","action":"GetUpdates Response", "result":"Success", "context":Received 7 update(s). cV=BAJq6S2ctGSSfHBPAsc3kM.0;server=akswtt11300004p;cloudType=Consumer;environment=Prod_eastus2_prod-s01-050-nam-eastus2;migrationStage=NotStarted}
{"logTime": "0524/190516", "correlationVector":"eDs1dJOR9pEpFSBiufH/kt","action":"Normal GetUpdate request", "result":"", "context":cV=eDs1dJOR9pEpFSBiufH/kt
Nudged types: Sessions, Device Info, History
Refresh requested types: Bookmarks, Preferences, Passwords, Autofill Profiles, Autofill, Extensions, Sessions, Extension settings, History Delete Directives, Device Info, User Consents, Send Tab To Self, Web Apps, History, Saved Tab Group, WebAuthn Credentials, Collection, Edge E Drop, Edge Hub App Usage, Edge Wallet, Edge Workspace, Encryption Keys}
{"logTime": "0524/190516", "correlationVector":"eDs1dJOR9pEpFSBiufH/kt.1","action":"SyncServerConnectionManagerRequest", "result":"SYNC_SERVER_OK", "context":{"environment":"Prod_eastus2_prod-s01-050-nam-eastus2", "migrationStage":"NotStarted", "server":"akswtt11300004e"}}
{"logTime": "0524/190516", "correlationVector":"eDs1dJOR9pEpFSBiufH/kt.2","action":"ProcessGetUpdates", "result":"Done", "context":{"dataType":"Preferences", "deleted":"0", "process_failed_to_decrypt":"0", "process_pending_decryption":"0", "process_success":"5", "total":"5"}}
{"logTime": "0524/190516", "correlationVector":"eDs1dJOR9pEpFSBiufH/kt.3","action":"ProcessGetUpdates", "result":"Done", "context":{"dataType":"Sessions", "deleted":"0", "process_failed_to_decrypt":"0", "process_pending_decryption":"0", "process_success":"2", "total":"2"}}
{"logTime": "0524/190516", "correlationVector":"eDs1dJOR9pEpFSBiufH/kt.4","action":"ProcessGetUpdates", "result":"Done", "context":{"dataType":"Device Info", "deleted":"0", "process_failed_to_decrypt":"0", "process_pending_decryption":"0", "process_success":"1", "total":"1"}}
{"logTime": "0524/190516", "correlationVector":"eDs1dJOR9pEpFSBiufH/kt.5","action":"ProcessGetUpdates", "result":"Done", "context":{"dataType":"History", "deleted":"0", "process_failed_to_decrypt":"0", "process_pending_decryption":"0", "process_success":"3", "total":"3"}}
{"logTime": "0524/190516", "correlationVector":"eDs1dJOR9pEpFSBiufH/kt.6","action":"GetUpdates Response", "result":"Success", "context":Received 11 update(s). cV=eDs1dJOR9pEpFSBiufH/kt.0;server=akswtt11300004e;cloudType=Consumer;environment=Prod_eastus2_prod-s01-050-nam-eastus2;migrationStage=NotStarted}
{"logTime": "0524/190516", "correlationVector":"Qe4IHuX6n1lUs34FuzvI4F","action":"Commit Request", "result":"", "context":Item count: 5
Contributing types: Sessions, Device Info, History}
{"logTime": "0524/190517", "correlationVector":"Qe4IHuX6n1lUs34FuzvI4F.1","action":"SyncServerConnectionManagerRequest", "result":"SYNC_SERVER_OK", "context":{"environment":"Prod_eastus2_prod-s01-050-nam-eastus2", "migrationStage":"NotStarted", "server":"akswtt11300004g"}}
{"logTime": "0524/190517", "correlationVector":"Qe4IHuX6n1lUs34FuzvI4F.2","action":"Commit Response", "result":"Success", "context":Result: Success. cV=Qe4IHuX6n1lUs34FuzvI4F.0;server=akswtt11300004g;cloudType=Consumer;environment=Prod_eastus2_prod-s01-050-nam-eastus2;migrationStage=NotStarted}
{"logTime": "0524/190517", "correlationVector":"Qe4IHuX6n1lUs34FuzvI4F.3","action":"Commit.Sessions", "result":"Success", "context":{"id":"b169ae9a-1c60-4671-9592-dd1882e7271a", "isDeleted":"true", "size":"0", "version":"1779648582231"}}
{"logTime": "0524/190526", "correlationVector":"sfk54OWRaT/8ueypZ9Fw2y","action":"Commit Request", "result":"", "context":Item count: 8
Contributing types: Preferences, Passwords, Sessions, History}
{"logTime": "0524/190527", "correlationVector":"sfk54OWRaT/8ueypZ9Fw2y.1","action":"SyncServerConnectionManagerRequest", "result":"SYNC_SERVER_OK", "context":{"environment":"Prod_eastus2_prod-s01-050-nam-eastus2", "migrationStage":"NotStarted", "server":"akswtt113000043"}}
{"logTime": "0524/190527", "correlationVector":"sfk54OWRaT/8ueypZ9Fw2y.2","action":"Commit Response", "result":"Success", "context":Result: Success. cV=sfk54OWRaT/8ueypZ9Fw2y.0;server=akswtt113000043;cloudType=Consumer;environment=Prod_eastus2_prod-s01-050-nam-eastus2;migrationStage=NotStarted}
{"logTime": "0524/190538", "correlationVector":"WTmodcCWT5e5Lt844D8Mh0","action":"Commit Request", "result":"", "context":Item count: 3
Contributing types: Sessions, Device Info, History}
{"logTime": "0524/190538", "correlationVector":"WTmodcCWT5e5Lt844D8Mh0.1","action":"SyncServerConnectionManagerRequest", "result":"SYNC_SERVER_OK", "context":{"environment":"Prod_eastus2_prod-s01-050-nam-eastus2", "migrationStage":"NotStarted", "server":"akswtt11300004p"}}
{"logTime": "0524/190538", "correlationVector":"WTmodcCWT5e5Lt844D8Mh0.2","action":"Commit Response", "result":"Success", "context":Result: Success. cV=WTmodcCWT5e5Lt844D8Mh0.0;server=akswtt11300004p;cloudType=Consumer;environment=Prod_eastus2_prod-s01-050-nam-eastus2;migrationStage=NotStarted}
{"logTime": "0524/190608", "correlationVector":"rfsjKCtwQToK8AwNDrZMNz","action":"Commit Request", "result":"", "context":Item count: 6
Contributing types: Sessions, Device Info, History}
{"logTime": "0524/190608", "correlationVector":"rfsjKCtwQToK8AwNDrZMNz.1","action":"SyncServerConnectionManagerRequest", "result":"SYNC_SERVER_OK", "context":{"environment":"Prod_eastus2_prod-s01-050-nam-eastus2", "migrationStage":"NotStarted", "server":"akswtt113000047"}}
{"logTime": "0524/190608", "correlationVector":"rfsjKCtwQToK8AwNDrZMNz.2","action":"Commit Response", "result":"Success", "context":Result: Success. cV=rfsjKCtwQToK8AwNDrZMNz.0;server=akswtt113000047;cloudType=Consumer;environment=Prod_eastus2_prod-s01-050-nam-eastus2;migrationStage=NotStarted}
{"logTime": "0524/190611", "correlationVector":"dBrWVN+J9HyKyHe0F26eiN","action":"Commit Request", "result":"", "context":Item count: 5
Contributing types: Preferences, Sessions, History}
{"logTime": "0524/190611", "correlationVector":"dBrWVN+J9HyKyHe0F26eiN.1","action":"SyncServerConnectionManagerRequest", "result":"SYNC_SERVER_OK", "context":{"environment":"Prod_eastus2_prod-s01-050-nam-eastus2", "migrationStage":"NotStarted", "server":"akswtt113000040"}}
{"logTime": "0524/190611", "correlationVector":"dBrWVN+J9HyKyHe0F26eiN.3","action":"Commit.Sessions", "result":"Success", "context":{"id":"7e1fef8b-95fc-4723-8964-39c80a4fee99", "isDeleted":"true", "size":"0", "version":"1779649568397"}}
{"logTime": "0524/190611", "correlationVector":"dBrWVN+J9HyKyHe0F26eiN.2","action":"Commit Response", "result":"Success", "context":Result: Success. cV=dBrWVN+J9HyKyHe0F26eiN.0;server=akswtt113000040;cloudType=Consumer;environment=Prod_eastus2_prod-s01-050-nam-eastus2;migrationStage=NotStarted}
{"logTime": "0524/190632", "correlationVector":"QlAT8gGi+z+0GdlYTWO5x6","action":"Commit Request", "result":"", "context":Item count: 1
Contributing types: Autofill Profiles}
{"logTime": "0524/190632", "correlationVector":"QlAT8gGi+z+0GdlYTWO5x6.1","action":"SyncServerConnectionManagerRequest", "result":"SYNC_SERVER_OK", "context":{"environment":"Prod_eastus2_prod-s01-050-nam-eastus2", "migrationStage":"NotStarted", "server":"akswtt113000044"}}
{"logTime": "0524/190632", "correlationVector":"QlAT8gGi+z+0GdlYTWO5x6.2","action":"Commit Response", "result":"Success", "context":Result: Success. cV=QlAT8gGi+z+0GdlYTWO5x6.0;server=akswtt113000044;cloudType=Consumer;environment=Prod_eastus2_prod-s01-050-nam-eastus2;migrationStage=NotStarted}
{"logTime": "0524/191332", "correlationVector":"kgevD77h0NbGgzd16D+L9d","action":"Commit Request", "result":"", "context":Item count: 2
Contributing types: Device Info, History}
{"logTime": "0524/191333", "correlationVector":"kgevD77h0NbGgzd16D+L9d.1","action":"SyncServerConnectionManagerRequest", "result":"SYNC_SERVER_OK", "context":{"environment":"Prod_eastus2_prod-s01-050-nam-eastus2", "migrationStage":"NotStarted", "server":"akswtt11300004v"}}
{"logTime": "0524/191333", "correlationVector":"kgevD77h0NbGgzd16D+L9d.2","action":"Commit Response", "result":"Success", "context":Result: Success. cV=kgevD77h0NbGgzd16D+L9d.0;server=akswtt11300004v;cloudType=Consumer;environment=Prod_eastus2_prod-s01-050-nam-eastus2;migrationStage=NotStarted}
{"logTime": "0524/191335", "correlationVector":"N+6DJ0IK2KVcfDBCwDgAPv","action":"Commit Request", "result":"", "context":Item count: 1
Contributing types: Preferences}
{"logTime": "0524/191335", "correlationVector":"N+6DJ0IK2KVcfDBCwDgAPv.1","action":"SyncServerConnectionManagerRequest", "result":"SYNC_SERVER_OK", "context":{"environment":"Prod_eastus2_prod-s01-050-nam-eastus2", "migrationStage":"NotStarted", "server":"akswtt113000014"}}
{"logTime": "0524/191335", "correlationVector":"N+6DJ0IK2KVcfDBCwDgAPv.2","action":"Commit Response", "result":"Success", "context":Result: Success. cV=N+6DJ0IK2KVcfDBCwDgAPv.0;server=akswtt113000014;cloudType=Consumer;environment=Prod_eastus2_prod-s01-050-nam-eastus2;migrationStage=NotStarted}
{"logTime": "0524/191703", "correlationVector":"JeAgWA0k7JWDk3pVn09kll","action":"Commit Request", "result":"", "context":Item count: 1
Contributing types: Device Info}
{"logTime": "0524/191703", "correlationVector":"JeAgWA0k7JWDk3pVn09kll.1","action":"SyncServerConnectionManagerRequest", "result":"SYNC_SERVER_OK", "context":{"environment":"Prod_eastus2_prod-s01-050-nam-eastus2", "migrationStage":"NotStarted", "server":"akswtt11300004l"}}
{"logTime": "0524/191703", "correlationVector":"JeAgWA0k7JWDk3pVn09kll.2","action":"Commit Response", "result":"Success", "context":Result: Success. cV=JeAgWA0k7JWDk3pVn09kll.0;server=akswtt11300004l;cloudType=Consumer;environment=Prod_eastus2_prod-s01-050-nam-eastus2;migrationStage=NotStarted}
{"logTime": "0524/191705", "correlationVector":"t4gDy51ieleOoFuDspwS9w","action":"Commit Request", "result":"", "context":Item count: 1
Contributing types: Preferences}
{"logTime": "0524/191706", "correlationVector":"t4gDy51ieleOoFuDspwS9w.1","action":"SyncServerConnectionManagerRequest", "result":"SYNC_SERVER_OK", "context":{"environment":"Prod_eastus2_prod-s01-050-nam-eastus2", "migrationStage":"NotStarted", "server":"akswtt11300004g"}}
{"logTime": "0524/191706", "correlationVector":"t4gDy51ieleOoFuDspwS9w.2","action":"Commit Response", "result":"Success", "context":Result: Success. cV=t4gDy51ieleOoFuDspwS9w.0;server=akswtt11300004g;cloudType=Consumer;environment=Prod_eastus2_prod-s01-050-nam-eastus2;migrationStage=NotStarted}
{"logTime": "0524/191722", "correlationVector":"YEko9nq6xsPeYI/8j2L3xi","action":"Commit Request", "result":"", "context":Item count: 2
Contributing types: Preferences, Device Info}
{"logTime": "0524/191722", "correlationVector":"YEko9nq6xsPeYI/8j2L3xi.1","action":"SyncServerConnectionManagerRequest", "result":"SYNC_SERVER_OK", "context":{"environment":"Prod_eastus2_prod-s01-050-nam-eastus2", "migrationStage":"NotStarted", "server":"akswtt11300003a"}}
{"logTime": "0524/191722", "correlationVector":"YEko9nq6xsPeYI/8j2L3xi.2","action":"Commit Response", "result":"Success", "context":Result: Success. cV=YEko9nq6xsPeYI/8j2L3xi.0;server=akswtt11300003a;cloudType=Consumer;environment=Prod_eastus2_prod-s01-050-nam-eastus2;migrationStage=NotStarted}
{"logTime": "0524/191737", "correlationVector":"mUkgHPyG5QdggTG9rIZsJ4","action":"Commit Request", "result":"", "context":Item count: 2
Contributing types: Preferences, Device Info}
{"logTime": "0524/191737", "correlationVector":"mUkgHPyG5QdggTG9rIZsJ4.1","action":"SyncServerConnectionManagerRequest", "result":"SYNC_SERVER_OK", "context":{"environment":"Prod_eastus2_prod-s01-050-nam-eastus2", "migrationStage":"NotStarted", "server":"akswtt11300003a"}}
{"logTime": "0524/191737", "correlationVector":"mUkgHPyG5QdggTG9rIZsJ4.2","action":"Commit Response", "result":"Success", "context":Result: Success. cV=mUkgHPyG5QdggTG9rIZsJ4.0;server=akswtt11300003a;cloudType=Consumer;environment=Prod_eastus2_prod-s01-050-nam-eastus2;migrationStage=NotStarted}
{"logTime": "0524/191754", "correlationVector":"GJ3SruzXhyOPQDIZBhPp5k","action":"Commit Request", "result":"", "context":Item count: 1
Contributing types: Device Info}
{"logTime": "0524/191754", "correlationVector":"GJ3SruzXhyOPQDIZBhPp5k.1","action":"SyncServerConnectionManagerRequest", "result":"SYNC_SERVER_OK", "context":{"environment":"Prod_eastus2_prod-s01-050-nam-eastus2", "migrationStage":"NotStarted", "server":"akswtt11300004n"}}
{"logTime": "0524/191754", "correlationVector":"GJ3SruzXhyOPQDIZBhPp5k.2","action":"Commit Response", "result":"Success", "context":Result: Success. cV=GJ3SruzXhyOPQDIZBhPp5k.0;server=akswtt11300004n;cloudType=Consumer;environment=Prod_eastus2_prod-s01-050-nam-eastus2;migrationStage=NotStarted}
{"logTime": "0524/191756", "correlationVector":"LH7QjCKJNQpqYlybpaoYLI","action":"Commit Request", "result":"", "context":Item count: 1
Contributing types: Preferences}
{"logTime": "0524/191757", "correlationVector":"LH7QjCKJNQpqYlybpaoYLI.1","action":"SyncServerConnectionManagerRequest", "result":"SYNC_SERVER_OK", "context":{"environment":"Prod_eastus2_prod-s01-050-nam-eastus2", "migrationStage":"NotStarted", "server":"akswtt113000048"}}
{"logTime": "0524/191757", "correlationVector":"LH7QjCKJNQpqYlybpaoYLI.2","action":"Commit Response", "result":"Success", "context":Result: Success. cV=LH7QjCKJNQpqYlybpaoYLI.0;server=akswtt113000048;cloudType=Consumer;environment=Prod_eastus2_prod-s01-050-nam-eastus2;migrationStage=NotStarted}
{"logTime": "0524/191812", "correlationVector":"jD0QQmkWk9r9fznyBtYkY7","action":"Commit Request", "result":"", "context":Item count: 1
Contributing types: Device Info}
{"logTime": "0524/191812", "correlationVector":"jD0QQmkWk9r9fznyBtYkY7.1","action":"SyncServerConnectionManagerRequest", "result":"SYNC_SERVER_OK", "context":{"environment":"Prod_eastus2_prod-s01-050-nam-eastus2", "migrationStage":"NotStarted", "server":"akswtt11300003a"}}
{"logTime": "0524/191812", "correlationVector":"jD0QQmkWk9r9fznyBtYkY7.2","action":"Commit Response", "result":"Success", "context":Result: Success. cV=jD0QQmkWk9r9fznyBtYkY7.0;server=akswtt11300003a;cloudType=Consumer;environment=Prod_eastus2_prod-s01-050-nam-eastus2;migrationStage=NotStarted}
{"logTime": "0524/191815", "correlationVector":"DvBqVL8wWZWsXZ9WnDqz/i","action":"Commit Request", "result":"", "context":Item count: 1
Contributing types: Preferences}
{"logTime": "0524/191815", "correlationVector":"DvBqVL8wWZWsXZ9WnDqz/i.1","action":"SyncServerConnectionManagerRequest", "result":"SYNC_SERVER_OK", "context":{"environment":"Prod_eastus2_prod-s01-050-nam-eastus2", "migrationStage":"NotStarted", "server":"akswtt11300003x"}}
{"logTime": "0524/191815", "correlationVector":"DvBqVL8wWZWsXZ9WnDqz/i.2","action":"Commit Response", "result":"Success", "context":Result: Success. cV=DvBqVL8wWZWsXZ9WnDqz/i.0;server=akswtt11300003x;cloudType=Consumer;environment=Prod_eastus2_prod-s01-050-nam-eastus2;migrationStage=NotStarted}
{"logTime": "0524/205516", "correlationVector":"+qoljPMKPn/PJbR2YCwmPa","action":"Commit Request", "result":"", "context":Item count: 1
Contributing types: Preferences}
{"logTime": "0524/205517", "correlationVector":"+qoljPMKPn/PJbR2YCwmPa.1","action":"SyncServerConnectionManagerRequest", "result":"SYNC_SERVER_OK", "context":{"environment":"Prod_eastus2_prod-s01-050-nam-eastus2", "migrationStage":"NotStarted", "server":"akswtt11300003j"}}
{"logTime": "0524/205517", "correlationVector":"+qoljPMKPn/PJbR2YCwmPa.2","action":"Commit Response", "result":"Success", "context":Result: Success. cV=+qoljPMKPn/PJbR2YCwmPa.0;server=akswtt11300003j;cloudType=Consumer;environment=Prod_eastus2_prod-s01-050-nam-eastus2;migrationStage=NotStarted}
{"logTime": "0525/233059", "correlationVector":"RMZerM99YdYtYf6DfeEOBO.1","action":"SyncServerConnectionManagerRequest", "result":"SYNC_SERVER_OK", "context":{"environment":"Prod_eastus_prod-s01-056-nam-eastus", "migrationStage":"NotStarted", "server":"akswtt114000007"}}
{"logTime": "0525/233059", "correlationVector":"RMZerM99YdYtYf6DfeEOBO.2","action":"ProcessGetUpdates", "result":"Done", "context":{"dataType":"Encryption Keys", "deleted":"0", "process_failed_to_decrypt":"0", "process_pending_decryption":"0", "process_success":"1", "total":"1"}}
{"logTime": "0525/233059", "correlationVector":"TXTT59C35u0UClgngtA3D6","action":"SyncServerConnectionManagerRequest", "result":"SYNC_SERVER_OK", "context":{"environment":"", "migrationStage":"", "server":""}}
{"logTime": "0525/233059", "correlationVector":"TXTT59C35u0UClgngtA3D6.0","action":"EncryptionKeysFetcher.DownloadKeys:", "result":"Success", "context":Key count: 9, Last key timestamp: 2026-05-15T21:42:03Z}
{"logTime": "0525/233059", "correlationVector":"TXTT59C35u0UClgngtA3D6.1","action":"EncryptionKeysManager::SetEncryptionKeys:", "result":"Success", "context":Key names[9]:[E7C4Zgwr0c5PcjP15t4kbgNVK7+V7CiGDKzSHdi12FL8qLmweWztlHMmK4WCs6qEO2BXhExws1CwMXQ9fqtL9w==][pUvIRST2wt4J4bP9oTyB0Msf6uRDUNJy34FpB+8MGkyn8Ww6V4wLvYndBi0RBWhoXL+e+nN00/dyRbBpMJlzoA==][QTVApHNQR7TCA5K0Qg47tqw9+B76Sb7cFucFi3FBaV0sGWNHep20cwcl6ZYmYQ2swFB6tH/LEHutN1VOP+Szyg==][ht2rJXfYBr1K7EFRfVGErHknb+5Ujjht5kyz7iblu8jKpsnzad+v5dhxvClnHGbXT4S7Rienu4R4tbOta8BKIA==][Le8vGHyE9w8KMk9FzbXsaPL56sLKewId/fnxKwI6YBvkS7YIPeZ2b6wmpp1/65HGJRI1O5TYyS80LFSyRHaaIw==][ri4f8shA8mvbGLV7+nveT0AuV/0heYST8H3X1rBU3faHd5wSmw4bLQbyp0LjdHARDwMXTUPStkWab2gJaNP8DA==][9vGnL4nPvs159dS9TdPIKpv7wxxQ8EbwxIC2ZiIfk8AwwH0tDNZQIbofZEy7PA/iLWscF4dkxTduryDCZrgfWg==][4IkLdpv+Qlf0iw/ryak4Eha5nfJn/fYZ2Cd54MkBhrO1h7VbZL1jK8jkDONYxoFz6j0Y+zwR4Q1u3O31vAtUZw==][ZiS5ziWIY8GBksvz30nB1ECMLS2db0PmASbmrcsPjOl5+Kgl82YKfVGe/qfB2v/qUcpX7eAMnJeAHmbCUNhC0w==]}
{"logTime": "0525/233059", "correlationVector":"TXTT59C35u0UClgngtA3D6.2","action":"EncryptionKeysManager::SetEncryptionKeysWithTimestamps:", "result":"Success", "context":Key timestamps[9]:[2021-06-14T22:00:06Z][2021-06-30T23:24:04Z][2021-09-10T22:49:20Z][2021-09-25T15:45:11Z][2022-04-20T16:18:14Z][2022-10-25T13:37:23Z][2024-02-02T21:23:20Z][2025-06-08T00:40:34Z][2026-05-15T21:42:03Z]}
{"logTime": "0525/233059", "correlationVector":"RMZerM99YdYtYf6DfeEOBO","action":"Initial GetUpdates", "result":"", "context":Reason: NEW_CLIENT. cV=RMZerM99YdYtYf6DfeEOBO}
{"logTime": "0525/233059", "correlationVector":"RMZerM99YdYtYf6DfeEOBO.3","action":"GetUpdates Response", "result":"Success", "context":Received 1 update(s). cV=RMZerM99YdYtYf6DfeEOBO.0;server=akswtt114000007;cloudType=Consumer;environment=Prod_eastus_prod-s01-056-nam-eastus;migrationStage=NotStarted}
{"logTime": "0525/233059", "correlationVector":"3eQB1VHAtY/2D6fUVW7Lys","action":"Initial GetUpdates", "result":"", "context":Reason: NEWLY_SUPPORTED_DATATYPE. cV=3eQB1VHAtY/2D6fUVW7Lys}
{"logTime": "0525/233100", "correlationVector":"3eQB1VHAtY/2D6fUVW7Lys.1","action":"SyncServerConnectionManagerRequest", "result":"SYNC_SERVER_OK", "context":{"environment":"Prod_eastus_prod-s01-056-nam-eastus", "migrationStage":"NotStarted", "server":"akswtt114000000"}}
{"logTime": "0525/233100", "correlationVector":"3eQB1VHAtY/2D6fUVW7Lys.2","action":"ProcessGetUpdates", "result":"Done", "context":{"dataType":"Preferences", "deleted":"0", "process_failed_to_decrypt":"0", "process_pending_decryption":"0", "process_success":"63", "total":"63"}}
{"logTime": "0525/233100", "correlationVector":"3eQB1VHAtY/2D6fUVW7Lys.3","action":"ProcessGetUpdates", "result":"Done", "context":{"dataType":"Passwords", "deleted":"0", "process_failed_to_decrypt":"0", "process_pending_decryption":"0", "process_success":"7", "total":"7"}}
{"logTime": "0525/233100", "correlationVector":"3eQB1VHAtY/2D6fUVW7Lys.4","action":"ProcessGetUpdates", "result":"Done", "context":{"dataType":"Device Info", "deleted":"0", "process_failed_to_decrypt":"0", "process_pending_decryption":"0", "process_success":"8", "total":"8"}}
{"logTime": "0525/233100", "correlationVector":"3eQB1VHAtY/2D6fUVW7Lys.5","action":"GetUpdates Response", "result":"Success", "context":Received 78 update(s). cV=3eQB1VHAtY/2D6fUVW7Lys.0;server=akswtt114000000;cloudType=Consumer;environment=Prod_eastus_prod-s01-056-nam-eastus;migrationStage=NotStarted}
{"logTime": "0525/233100", "correlationVector":"+bCpJwwFcK0tRvJhJ0QuZa","action":"Initial GetUpdates", "result":"", "context":Reason: NEWLY_SUPPORTED_DATATYPE. cV=+bCpJwwFcK0tRvJhJ0QuZa}
{"logTime": "0525/233100", "correlationVector":"+bCpJwwFcK0tRvJhJ0QuZa.1","action":"SyncServerConnectionManagerRequest", "result":"SYNC_SERVER_OK", "context":{"environment":"Prod_eastus_prod-s01-056-nam-eastus", "migrationStage":"NotStarted", "server":"akswtt11400000n"}}
{"logTime": "0525/233100", "correlationVector":"+bCpJwwFcK0tRvJhJ0QuZa.2","action":"ProcessGetUpdates", "result":"Done", "context":{"dataType":"Bookmarks", "deleted":"0", "process_failed_to_decrypt":"0", "process_pending_decryption":"0", "process_success":"18", "total":"18"}}
{"logTime": "0525/233100", "correlationVector":"+bCpJwwFcK0tRvJhJ0QuZa.3","action":"GetUpdates Response", "result":"Success", "context":Received 18 update(s). cV=+bCpJwwFcK0tRvJhJ0QuZa.0;server=akswtt11400000n;cloudType=Consumer;environment=Prod_eastus_prod-s01-056-nam-eastus;migrationStage=NotStarted}
{"logTime": "0525/233100", "correlationVector":"3kiuUICehZobQxaBP+8anQ","action":"Initial GetUpdates", "result":"", "context":Reason: NEWLY_SUPPORTED_DATATYPE. cV=3kiuUICehZobQxaBP+8anQ}
{"logTime": "0525/233100", "correlationVector":"3kiuUICehZobQxaBP+8anQ.1","action":"SyncServerConnectionManagerRequest", "result":"SYNC_SERVER_OK", "context":{"environment":"Prod_eastus_prod-s01-056-nam-eastus", "migrationStage":"NotStarted", "server":"akswtt114000000"}}
{"logTime": "0525/233100", "correlationVector":"3kiuUICehZobQxaBP+8anQ.2","action":"ProcessGetUpdates", "result":"Done", "context":{"dataType":"Autofill Profiles", "deleted":"0", "process_failed_to_decrypt":"0", "process_pending_decryption":"0", "process_success":"6", "total":"6"}}
{"logTime": "0525/233100", "correlationVector":"3kiuUICehZobQxaBP+8anQ.3","action":"ProcessGetUpdates", "result":"Done", "context":{"dataType":"Autofill", "deleted":"0", "process_failed_to_decrypt":"0", "process_pending_decryption":"0", "process_success":"243", "total":"243"}}
{"logTime": "0525/233100", "correlationVector":"3kiuUICehZobQxaBP+8anQ.4","action":"ProcessGetUpdates", "result":"Done", "context":{"dataType":"Extensions", "deleted":"0", "process_failed_to_decrypt":"0", "process_pending_decryption":"0", "process_success":"1", "total":"1"}}
{"logTime": "0525/233100", "correlationVector":"3kiuUICehZobQxaBP+8anQ.5","action":"GetUpdates Response", "result":"Success", "context":Received 250 update(s). cV=3kiuUICehZobQxaBP+8anQ.0;server=akswtt114000000;cloudType=Consumer;environment=Prod_eastus_prod-s01-056-nam-eastus;migrationStage=NotStarted Some updates remain.}
{"logTime": "0525/233100", "correlationVector":"lDdVf3B/yu1Ic8hYxSTHLZ","action":"Initial GetUpdates", "result":"", "context":Reason: NEWLY_SUPPORTED_DATATYPE. cV=lDdVf3B/yu1Ic8hYxSTHLZ}
{"logTime": "0525/233101", "correlationVector":"lDdVf3B/yu1Ic8hYxSTHLZ.1","action":"SyncServerConnectionManagerRequest", "result":"SYNC_SERVER_OK", "context":{"environment":"Prod_eastus_prod-s01-056-nam-eastus", "migrationStage":"NotStarted", "server":"akswtt11400000j"}}
{"logTime": "0525/233101", "correlationVector":"lDdVf3B/yu1Ic8hYxSTHLZ.2","action":"ProcessGetUpdates", "result":"Done", "context":{"dataType":"Autofill Profiles", "deleted":"0", "process_failed_to_decrypt":"0", "process_pending_decryption":"0", "process_success":"1", "total":"1"}}
{"logTime": "0525/233101", "correlationVector":"lDdVf3B/yu1Ic8hYxSTHLZ.3","action":"ProcessGetUpdates", "result":"Done", "context":{"dataType":"Autofill", "deleted":"0", "process_failed_to_decrypt":"0", "process_pending_decryption":"0", "process_success":"63", "total":"63"}}
{"logTime": "0525/233101", "correlationVector":"lDdVf3B/yu1Ic8hYxSTHLZ.4","action":"ProcessGetUpdates", "result":"Done", "context":{"dataType":"Sessions", "deleted":"2", "process_failed_to_decrypt":"0", "process_pending_decryption":"0", "process_success":"6", "total":"6"}}
{"logTime": "0525/233101", "correlationVector":"lDdVf3B/yu1Ic8hYxSTHLZ.5","action":"ProcessGetUpdates", "result":"Done", "context":{"dataType":"Edge Hub App Usage", "deleted":"0", "process_failed_to_decrypt":"0", "process_pending_decryption":"0", "process_success":"1", "total":"1"}}
{"logTime": "0525/233101", "correlationVector":"lDdVf3B/yu1Ic8hYxSTHLZ.6","action":"GetUpdates Response", "result":"Success", "context":Received 71 update(s). cV=lDdVf3B/yu1Ic8hYxSTHLZ.0;server=akswtt11400000j;cloudType=Consumer;environment=Prod_eastus_prod-s01-056-nam-eastus;migrationStage=NotStarted}
{"logTime": "0525/233101", "correlationVector":"tzbXDtAAIIZ/mKzS5rq4/b","action":"Initial GetUpdates", "result":"", "context":Reason: NEWLY_SUPPORTED_DATATYPE. cV=tzbXDtAAIIZ/mKzS5rq4/b}
{"logTime": "0525/233101", "correlationVector":"tzbXDtAAIIZ/mKzS5rq4/b.1","action":"SyncServerConnectionManagerRequest", "result":"SYNC_SERVER_OK", "context":{"environment":"Prod_eastus_prod-s01-056-nam-eastus", "migrationStage":"NotStarted", "server":"akswtt114000004"}}
{"logTime": "0525/233101", "correlationVector":"tzbXDtAAIIZ/mKzS5rq4/b.2","action":"ProcessGetUpdates", "result":"Done", "context":{"dataType":"History", "deleted":"0", "process_failed_to_decrypt":"0", "process_pending_decryption":"0", "process_success":"7", "total":"7"}}
{"logTime": "0525/233101", "correlationVector":"tzbXDtAAIIZ/mKzS5rq4/b.3","action":"GetUpdates Response", "result":"Success", "context":Received 7 update(s). cV=tzbXDtAAIIZ/mKzS5rq4/b.0;server=akswtt114000004;cloudType=Consumer;environment=Prod_eastus_prod-s01-056-nam-eastus;migrationStage=NotStarted}
{"logTime": "0525/233102", "correlationVector":"8w3JCIPg5hjScwnSKTGXBi","action":"Normal GetUpdate request", "result":"", "context":cV=8w3JCIPg5hjScwnSKTGXBi
Nudged types: Sessions, Device Info
Refresh requested types: Bookmarks, Preferences, Passwords, Autofill Profiles, Autofill, Extensions, Sessions, Extension settings, History Delete Directives, Device Info, User Consents, Send Tab To Self, Web Apps, History, Saved Tab Group, WebAuthn Credentials, Collection, Edge E Drop, Edge Hub App Usage, Edge Wallet, Edge Workspace, Encryption Keys}
{"logTime": "0525/233102", "correlationVector":"8w3JCIPg5hjScwnSKTGXBi.1","action":"SyncServerConnectionManagerRequest", "result":"SYNC_SERVER_OK", "context":{"environment":"Prod_eastus_prod-s01-056-nam-eastus", "migrationStage":"NotStarted", "server":"akswtt11400000j"}}
{"logTime": "0525/233102", "correlationVector":"8w3JCIPg5hjScwnSKTGXBi.2","action":"GetUpdates Response", "result":"Success", "context":Received 0 update(s). cV=8w3JCIPg5hjScwnSKTGXBi.0;server=akswtt11400000j;cloudType=Consumer;environment=Prod_eastus_prod-s01-056-nam-eastus;migrationStage=NotStarted}
{"logTime": "0525/233102", "correlationVector":"xV9XJQBM90AauKNOMeIAiF","action":"DoCompareDataConsistency requsted types: ", "result":"Bookmarks, Preferences, Passwords, Extensions, Extension settings, History Delete Directives, Send Tab To Self, Web Apps, History, Saved Tab Group, WebAuthn Credentials, Collection, Edge E Drop, Edge Wallet, Edge Workspace, Encryption Keys"}
{"logTime": "0525/233102", "correlationVector":"xV9XJQBM90AauKNOMeIAiF.0","action":"CompareDataConsistency result: ", "result":"Compare result: Encryption Keys is consistent. local entities count is: 1 local entities hash is: sVevmWWa00AZt9h/8xH3wqAMoWw="}
{"logTime": "0525/233102", "correlationVector":"xV9XJQBM90AauKNOMeIAiF.1","action":"CompareDataConsistency result: ", "result":"Compare result: Bookmarks is consistent. local entities count is: 12 local entities hash is: U4Nn4tMhGG7iybpfxw+pyMcM6ds="}
{"logTime": "0525/233102", "correlationVector":"xV9XJQBM90AauKNOMeIAiF.2","action":"CompareDataConsistency result: ", "result":"Compare result: Preferences is consistent. local entities count is: 63 local entities hash is: XSubisLDAi32oyW9Ggv0fsM3pYg="}
{"logTime": "0525/233102", "correlationVector":"xV9XJQBM90AauKNOMeIAiF.3","action":"CompareDataConsistency result: ", "result":"Compare result: Extensions is consistent. local entities count is: 1 local entities hash is: 41wIr7NmlBuQ/Mp8JjCmO7KZxws="}
{"logTime": "0525/233102", "correlationVector":"xV9XJQBM90AauKNOMeIAiF.4","action":"CompareDataConsistency result: ", "result":"Compare result: Extension settings is consistent. local entities count is: 0 local entities hash is: "}
{"logTime": "0525/233102", "correlationVector":"xV9XJQBM90AauKNOMeIAiF.5","action":"CompareDataConsistency result: ", "result":"Compare result: History Delete Directives is consistent. local entities count is: 0 local entities hash is: "}
{"logTime": "0525/233102", "correlationVector":"xV9XJQBM90AauKNOMeIAiF.6","action":"CompareDataConsistency result: ", "result":"Server did not send this Send Tab To Self local entities count is: 0 local entities hash is: "}
{"logTime": "0525/233102", "correlationVector":"xV9XJQBM90AauKNOMeIAiF.7","action":"CompareDataConsistency result: ", "result":"Compare result: Web Apps is consistent. local entities count is: 0 local entities hash is: "}
{"logTime": "0525/233102", "correlationVector":"xV9XJQBM90AauKNOMeIAiF.8","action":"CompareDataConsistency result: ", "result":"Server did not send this History local entities count is: 0 local entities hash is: "}
{"logTime": "0525/233102", "correlationVector":"xV9XJQBM90AauKNOMeIAiF.9","action":"CompareDataConsistency result: ", "result":"Compare result: Saved Tab Group is consistent. local entities count is: 0 local entities hash is: "}
{"logTime": "0525/233102", "correlationVector":"xV9XJQBM90AauKNOMeIAiF.10","action":"CompareDataConsistency result: ", "result":"Server did not send this WebAuthn Credentials local entities count is: 0 local entities hash is: "}
{"logTime": "0525/233102", "correlationVector":"xV9XJQBM90AauKNOMeIAiF.11","action":"CompareDataConsistency result: ", "result":"Compare result: Collection is consistent. local entities count is: 0 local entities hash is: "}
{"logTime": "0525/233102", "correlationVector":"xV9XJQBM90AauKNOMeIAiF.12","action":"CompareDataConsistency result: ", "result":"Compare result: Edge E Drop is consistent. local entities count is: 0 local entities hash is: "}
{"logTime": "0525/233102", "correlationVector":"xV9XJQBM90AauKNOMeIAiF.13","action":"CompareDataConsistency result: ", "result":"Compare result: Edge Wallet is consistent. local entities count is: 0 local entities hash is: "}
{"logTime": "0525/233102", "correlationVector":"xV9XJQBM90AauKNOMeIAiF.14","action":"CompareDataConsistency result: ", "result":"Server did not send this Edge Workspace local entities count is: 0 local entities hash is: "}
{"logTime": "0525/233102", "correlationVector":"xV9XJQBM90AauKNOMeIAiF.15","action":"CompareDataConsistency result: ", "result":"Compare result: Passwords is consistent. local entities count is: 7 local entities hash is: XGAGp/XT8BOC0fHCW5kg/ntYPl0="}
{"logTime": "0525/233102", "correlationVector":"nAXEuE6MCHgebhobUxfK77","action":"Commit Request", "result":"", "context":Item count: 3
Contributing types: Sessions, Device Info}
{"logTime": "0525/233103", "correlationVector":"nAXEuE6MCHgebhobUxfK77.1","action":"SyncServerConnectionManagerRequest", "result":"SYNC_SERVER_OK", "context":{"environment":"Prod_eastus_prod-s01-056-nam-eastus", "migrationStage":"NotStarted", "server":"akswtt11400000l"}}
{"logTime": "0525/233103", "correlationVector":"nAXEuE6MCHgebhobUxfK77.2","action":"Commit Response", "result":"Success", "context":Result: Success. cV=nAXEuE6MCHgebhobUxfK77.0;server=akswtt11400000l;cloudType=Consumer;environment=Prod_eastus_prod-s01-056-nam-eastus;migrationStage=NotStarted}
{"logTime": "0525/233103", "correlationVector":"","action":"DIAGNOSTIC_REQUEST|v1/diagnosticData/Diagnostic.SendCheckResult()|SUCCESS", "result":""}
{"logTime": "0525/233103", "correlationVector":"huGkBZZZK9OX4SaWKmMFiE","action":"Poll GetUpdate request", "result":"", "context":cV=huGkBZZZK9OX4SaWKmMFiE}
{"logTime": "0525/233103", "correlationVector":"huGkBZZZK9OX4SaWKmMFiE.1","action":"SyncServerConnectionManagerRequest", "result":"SYNC_SERVER_OK", "context":{"environment":"Prod_eastus_prod-s01-056-nam-eastus", "migrationStage":"NotStarted", "server":"akswtt11400000l"}}
{"logTime": "0525/233103", "correlationVector":"huGkBZZZK9OX4SaWKmMFiE.2","action":"ProcessGetUpdates", "result":"Done", "context":{"dataType":"Sessions", "deleted":"0", "process_failed_to_decrypt":"0", "process_pending_decryption":"0", "process_success":"2", "total":"2"}}
{"logTime": "0525/233103", "correlationVector":"huGkBZZZK9OX4SaWKmMFiE.3","action":"ProcessGetUpdates", "result":"Done", "context":{"dataType":"Device Info", "deleted":"0", "process_failed_to_decrypt":"0", "process_pending_decryption":"0", "process_success":"1", "total":"1"}}
{"logTime": "0525/233103", "correlationVector":"huGkBZZZK9OX4SaWKmMFiE.4","action":"GetUpdates Response", "result":"Success", "context":Received 3 update(s). cV=huGkBZZZK9OX4SaWKmMFiE.0;server=akswtt11400000l;cloudType=Consumer;environment=Prod_eastus_prod-s01-056-nam-eastus;migrationStage=NotStarted}
{"logTime": "0525/233105", "correlationVector":"95tOy+7NcnG12PTy18BVxw","action":"Commit Request", "result":"", "context":Item count: 6
Contributing types: Preferences, Passwords}
{"logTime": "0525/233106", "correlationVector":"95tOy+7NcnG12PTy18BVxw.1","action":"SyncServerConnectionManagerRequest", "result":"SYNC_SERVER_OK", "context":{"environment":"Prod_eastus_prod-s01-056-nam-eastus", "migrationStage":"NotStarted", "server":"akswtt11400000l"}}
{"logTime": "0525/233106", "correlationVector":"95tOy+7NcnG12PTy18BVxw.2","action":"Commit Response", "result":"Success", "context":Result: Success. cV=95tOy+7NcnG12PTy18BVxw.0;server=akswtt11400000l;cloudType=Consumer;environment=Prod_eastus_prod-s01-056-nam-eastus;migrationStage=NotStarted}
{"logTime": "0525/233120", "correlationVector":"V9qI4gldW1xpKUf3TpUPhG","action":"Commit Request", "result":"", "context":Item count: 3
Contributing types: Sessions, Device Info, History}
{"logTime": "0525/233120", "correlationVector":"V9qI4gldW1xpKUf3TpUPhG.1","action":"SyncServerConnectionManagerRequest", "result":"SYNC_SERVER_OK", "context":{"environment":"Prod_eastus_prod-s01-056-nam-eastus", "migrationStage":"NotStarted", "server":"akswtt11400000j"}}
{"logTime": "0525/233120", "correlationVector":"V9qI4gldW1xpKUf3TpUPhG.2","action":"Commit Response", "result":"Success", "context":Result: Success. cV=V9qI4gldW1xpKUf3TpUPhG.0;server=akswtt11400000j;cloudType=Consumer;environment=Prod_eastus_prod-s01-056-nam-eastus;migrationStage=NotStarted}
{"logTime": "0525/233123", "correlationVector":"vQ41DMT6Bnub/6DW4AcqaH","action":"Commit Request", "result":"", "context":Item count: 3
Contributing types: Preferences, Sessions, History}
{"logTime": "0525/233123", "correlationVector":"vQ41DMT6Bnub/6DW4AcqaH.1","action":"SyncServerConnectionManagerRequest", "result":"SYNC_SERVER_OK", "context":{"environment":"Prod_eastus_prod-s01-056-nam-eastus", "migrationStage":"NotStarted", "server":"akswtt11400000l"}}
{"logTime": "0525/233123", "correlationVector":"vQ41DMT6Bnub/6DW4AcqaH.2","action":"Commit Response", "result":"Success", "context":Result: Success. cV=vQ41DMT6Bnub/6DW4AcqaH.0;server=akswtt11400000l;cloudType=Consumer;environment=Prod_eastus_prod-s01-056-nam-eastus;migrationStage=NotStarted}
{"logTime": "0525/233204", "correlationVector":"ycSBbRZuZMe6qyH6O0oB81","action":"Commit Request", "result":"", "context":Item count: 3
Contributing types: Preferences, Sessions, Device Info}
{"logTime": "0525/233205", "correlationVector":"ycSBbRZuZMe6qyH6O0oB81.1","action":"SyncServerConnectionManagerRequest", "result":"SYNC_SERVER_OK", "context":{"environment":"Prod_eastus_prod-s01-056-nam-eastus", "migrationStage":"NotStarted", "server":"akswtt11400000j"}}
{"logTime": "0525/233205", "correlationVector":"ycSBbRZuZMe6qyH6O0oB81.2","action":"Commit Response", "result":"Success", "context":Result: Success. cV=ycSBbRZuZMe6qyH6O0oB81.0;server=akswtt11400000j;cloudType=Consumer;environment=Prod_eastus_prod-s01-056-nam-eastus;migrationStage=NotStarted}
{"logTime": "0525/233212", "correlationVector":"BC4odBKEXwPVexzGQtMtMy","action":"Commit Request", "result":"", "context":Item count: 1
Contributing types: Device Info}
{"logTime": "0525/233212", "correlationVector":"BC4odBKEXwPVexzGQtMtMy.1","action":"SyncServerConnectionManagerRequest", "result":"SYNC_SERVER_OK", "context":{"environment":"Prod_eastus_prod-s01-056-nam-eastus", "migrationStage":"NotStarted", "server":"akswtt11400000l"}}
{"logTime": "0525/233212", "correlationVector":"BC4odBKEXwPVexzGQtMtMy.2","action":"Commit Response", "result":"Success", "context":Result: Success. cV=BC4odBKEXwPVexzGQtMtMy.0;server=akswtt11400000l;cloudType=Consumer;environment=Prod_eastus_prod-s01-056-nam-eastus;migrationStage=NotStarted}
{"logTime": "0525/233225", "correlationVector":"B3sMhCbooM82BF13gbR/Tt","action":"Commit Request", "result":"", "context":Item count: 1
Contributing types: Device Info}
{"logTime": "0525/233225", "correlationVector":"B3sMhCbooM82BF13gbR/Tt.1","action":"SyncServerConnectionManagerRequest", "result":"SYNC_SERVER_OK", "context":{"environment":"Prod_eastus_prod-s01-056-nam-eastus", "migrationStage":"NotStarted", "server":"akswtt11400000n"}}
{"logTime": "0525/233225", "correlationVector":"B3sMhCbooM82BF13gbR/Tt.2","action":"Commit Response", "result":"Success", "context":Result: Success. cV=B3sMhCbooM82BF13gbR/Tt.0;server=akswtt11400000n;cloudType=Consumer;environment=Prod_eastus_prod-s01-056-nam-eastus;migrationStage=NotStarted}
{"logTime": "0525/233228", "correlationVector":"RLvjbklSxj2Ml1eCqAKQVj","action":"Commit Request", "result":"", "context":Item count: 1
Contributing types: Preferences}
{"logTime": "0525/233228", "correlationVector":"RLvjbklSxj2Ml1eCqAKQVj.1","action":"SyncServerConnectionManagerRequest", "result":"SYNC_SERVER_OK", "context":{"environment":"Prod_eastus_prod-s01-056-nam-eastus", "migrationStage":"NotStarted", "server":"akswtt11400000n"}}
{"logTime": "0525/233228", "correlationVector":"RLvjbklSxj2Ml1eCqAKQVj.2","action":"Commit Response", "result":"Success", "context":Result: Success. cV=RLvjbklSxj2Ml1eCqAKQVj.0;server=akswtt11400000n;cloudType=Consumer;environment=Prod_eastus_prod-s01-056-nam-eastus;migrationStage=NotStarted}
{"logTime": "0525/233415", "correlationVector":"8cbBLw33QwwywiubU6GrF9","action":"Commit Request", "result":"", "context":Item count: 1
Contributing types: History}
{"logTime": "0525/233416", "correlationVector":"8cbBLw33QwwywiubU6GrF9.1","action":"SyncServerConnectionManagerRequest", "result":"SYNC_SERVER_OK", "context":{"environment":"Prod_eastus_prod-s01-056-nam-eastus", "migrationStage":"NotStarted", "server":"akswtt11400000j"}}
{"logTime": "0525/233416", "correlationVector":"8cbBLw33QwwywiubU6GrF9.2","action":"Commit Response", "result":"Success", "context":Result: Success. cV=8cbBLw33QwwywiubU6GrF9.0;server=akswtt11400000j;cloudType=Consumer;environment=Prod_eastus_prod-s01-056-nam-eastus;migrationStage=NotStarted}
{"logTime": "0526/002836", "correlationVector":"YWZaqBAPU7nAT/PsW1D6y7","action":"Commit Request", "result":"", "context":Item count: 4
Contributing types: Sessions, History}
{"logTime": "0526/002837", "correlationVector":"YWZaqBAPU7nAT/PsW1D6y7.1","action":"SyncServerConnectionManagerRequest", "result":"SYNC_SERVER_OK", "context":{"environment":"Prod_eastus_prod-s01-056-nam-eastus", "migrationStage":"NotStarted", "server":"akswtt114000006"}}
{"logTime": "0526/002837", "correlationVector":"YWZaqBAPU7nAT/PsW1D6y7.2","action":"Commit Response", "result":"Success", "context":Result: Success. cV=YWZaqBAPU7nAT/PsW1D6y7.0;server=akswtt114000006;cloudType=Consumer;environment=Prod_eastus_prod-s01-056-nam-eastus;migrationStage=NotStarted}
{"logTime": "0526/003702", "correlationVector":"LxzIFn9WyIjuq5OH8OLwpB","action":"Commit Request", "result":"", "context":Item count: 1
Contributing types: Preferences}
{"logTime": "0526/003703", "correlationVector":"LxzIFn9WyIjuq5OH8OLwpB.1","action":"SyncServerConnectionManagerRequest", "result":"SYNC_SERVER_OK", "context":{"environment":"Prod_eastus_prod-s01-056-nam-eastus", "migrationStage":"NotStarted", "server":"akswtt11400000m"}}
{"logTime": "0526/003703", "correlationVector":"LxzIFn9WyIjuq5OH8OLwpB.2","action":"Commit Response", "result":"Success", "context":Result: Success. cV=LxzIFn9WyIjuq5OH8OLwpB.0;server=akswtt11400000m;cloudType=Consumer;environment=Prod_eastus_prod-s01-056-nam-eastus;migrationStage=NotStarted}
{"logTime": "0526/012135", "correlationVector":"FoylpF9x3ghh5OAI6uuXlE","action":"Commit Request", "result":"", "context":Item count: 1
Contributing types: Device Info}
{"logTime": "0526/012136", "correlationVector":"FoylpF9x3ghh5OAI6uuXlE.1","action":"SyncServerConnectionManagerRequest", "result":"SYNC_SERVER_OK", "context":{"environment":"Prod_eastus2_prod-s01-050-nam-eastus2", "migrationStage":"NotStarted", "server":"akswtt11300004p"}}
{"logTime": "0526/012136", "correlationVector":"FoylpF9x3ghh5OAI6uuXlE.2","action":"Commit Response", "result":"Success", "context":Result: Success. cV=FoylpF9x3ghh5OAI6uuXlE.0;server=akswtt11300004p;cloudType=Consumer;environment=Prod_eastus2_prod-s01-050-nam-eastus2;migrationStage=NotStarted}
{"logTime": "0526/012138", "correlationVector":"CtGJBcTmw4FHMTUC3/e246","action":"Commit Request", "result":"", "context":Item count: 1
Contributing types: Preferences}
{"logTime": "0526/012138", "correlationVector":"CtGJBcTmw4FHMTUC3/e246.1","action":"SyncServerConnectionManagerRequest", "result":"SYNC_SERVER_OK", "context":{"environment":"Prod_eastus2_prod-s01-050-nam-eastus2", "migrationStage":"NotStarted", "server":"akswtt11300004b"}}
{"logTime": "0526/012138", "correlationVector":"CtGJBcTmw4FHMTUC3/e246.2","action":"Commit Response", "result":"Success", "context":Result: Success. cV=CtGJBcTmw4FHMTUC3/e246.0;server=akswtt11300004b;cloudType=Consumer;environment=Prod_eastus2_prod-s01-050-nam-eastus2;migrationStage=NotStarted}
{"logTime": "0526/012247", "correlationVector":"HBJMAnPd984Uf5o7Muh8KD","action":"Commit Request", "result":"", "context":Item count: 1
Contributing types: Sessions}
{"logTime": "0526/012247", "correlationVector":"HBJMAnPd984Uf5o7Muh8KD.1","action":"SyncServerConnectionManagerRequest", "result":"SYNC_SERVER_OK", "context":{"environment":"Prod_eastus2_prod-s01-050-nam-eastus2", "migrationStage":"NotStarted", "server":"akswtt11300004d"}}
{"logTime": "0526/012247", "correlationVector":"HBJMAnPd984Uf5o7Muh8KD.2","action":"Commit Response", "result":"Success", "context":Result: Success. cV=HBJMAnPd984Uf5o7Muh8KD.0;server=akswtt11300004d;cloudType=Consumer;environment=Prod_eastus2_prod-s01-050-nam-eastus2;migrationStage=NotStarted}
{"logTime": "0526/012606", "correlationVector":"kE/o4p8oF5AueGvmJnotJ2","action":"Commit Request", "result":"", "context":Item count: 1
Contributing types: Device Info}
{"logTime": "0526/012606", "correlationVector":"kE/o4p8oF5AueGvmJnotJ2.1","action":"SyncServerConnectionManagerRequest", "result":"SYNC_SERVER_OK", "context":{"environment":"Prod_eastus2_prod-s01-050-nam-eastus2", "migrationStage":"NotStarted", "server":"akswtt113000043"}}
{"logTime": "0526/012606", "correlationVector":"kE/o4p8oF5AueGvmJnotJ2.2","action":"Commit Response", "result":"Success", "context":Result: Success. cV=kE/o4p8oF5AueGvmJnotJ2.0;server=akswtt113000043;cloudType=Consumer;environment=Prod_eastus2_prod-s01-050-nam-eastus2;migrationStage=NotStarted}
{"logTime": "0526/012608", "correlationVector":"DUsnWKr2ClzKY3SeXyoQKW","action":"Commit Request", "result":"", "context":Item count: 1
Contributing types: Preferences}
{"logTime": "0526/012609", "correlationVector":"DUsnWKr2ClzKY3SeXyoQKW.1","action":"SyncServerConnectionManagerRequest", "result":"SYNC_SERVER_OK", "context":{"environment":"Prod_eastus2_prod-s01-050-nam-eastus2", "migrationStage":"NotStarted", "server":"akswtt11300004n"}}
{"logTime": "0526/012609", "correlationVector":"DUsnWKr2ClzKY3SeXyoQKW.2","action":"Commit Response", "result":"Success", "context":Result: Success. cV=DUsnWKr2ClzKY3SeXyoQKW.0;server=akswtt11300004n;cloudType=Consumer;environment=Prod_eastus2_prod-s01-050-nam-eastus2;migrationStage=NotStarted}
{"logTime": "0526/012634", "correlationVector":"Muj1+/wjG54MnVjzzr66ay","action":"Commit Request", "result":"", "context":Item count: 1
Contributing types: Device Info}
{"logTime": "0526/012634", "correlationVector":"Muj1+/wjG54MnVjzzr66ay.1","action":"SyncServerConnectionManagerRequest", "result":"SYNC_SERVER_OK", "context":{"environment":"Prod_eastus2_prod-s01-050-nam-eastus2", "migrationStage":"NotStarted", "server":"akswtt11300004d"}}
{"logTime": "0526/012634", "correlationVector":"Muj1+/wjG54MnVjzzr66ay.2","action":"Commit Response", "result":"Success", "context":Result: Success. cV=Muj1+/wjG54MnVjzzr66ay.0;server=akswtt11300004d;cloudType=Consumer;environment=Prod_eastus2_prod-s01-050-nam-eastus2;migrationStage=NotStarted}
{"logTime": "0526/012637", "correlationVector":"hai1F1HcxTz9bxEqk6i1SB","action":"Commit Request", "result":"", "context":Item count: 1
Contributing types: Preferences}
{"logTime": "0526/012637", "correlationVector":"hai1F1HcxTz9bxEqk6i1SB.1","action":"SyncServerConnectionManagerRequest", "result":"SYNC_SERVER_OK", "context":{"environment":"Prod_eastus2_prod-s01-050-nam-eastus2", "migrationStage":"NotStarted", "server":"akswtt11300003a"}}
{"logTime": "0526/012637", "correlationVector":"hai1F1HcxTz9bxEqk6i1SB.2","action":"Commit Response", "result":"Success", "context":Result: Success. cV=hai1F1HcxTz9bxEqk6i1SB.0;server=akswtt11300003a;cloudType=Consumer;environment=Prod_eastus2_prod-s01-050-nam-eastus2;migrationStage=NotStarted}
